<?xml version="1.0" encoding="utf-8"?>
<TestRun id="1e852894-621d-4258-b9db-4b6712bd2b17" name="Raid@BUSHRA-ALGHAMDI 2026-07-23 19:43:58" runUser="BUSHRA-ALGHAMDI\Raid" xmlns="http://microsoft.com/schemas/VisualStudio/TeamTest/2010">
  <Times creation="2026-07-23T19:43:58.4792929+03:00" queuing="2026-07-23T19:43:58.4792934+03:00" start="2026-07-23T19:43:49.4058181+03:00" finish="2026-07-23T19:44:30.6891489+03:00" />
  <TestSettings name="default" id="1ead07e3-3e22-4a4e-901e-2ccc6993310a">
    <Deployment runDeploymentRoot="Raid_BUSHRA-ALGHAMDI_2026-07-23_19_43_58" />
  </TestSettings>
  <Results>
    <UnitTestResult executionId="bad6b183-7cba-46c8-ac16-770b9926b530" testId="ec503591-5247-7da6-2447-448c90c93ef4" testName="InnovationToImpact.Infrastructure.Tests.PhaseScheduleServiceTests.ListAsync_ReturnsAllSevenSeededPhasesInOrder" computerName="BUSHRA-ALGHAMDI" duration="00:00:00.4100480" startTime="2026-07-23T19:44:16.5970951+03:00" endTime="2026-07-23T19:44:16.5970953+03:00" testType="13cdc9d9-ddb5-4fa4-a97d-d965ccfc6d4b" outcome="Passed" testListId="8c84fa94-04c1-424b-9868-57a2d4851a1d" relativeResultsDirectory="bad6b183-7cba-46c8-ac16-770b9926b530" />
    <UnitTestResult executionId="3db2f84e-dea4-4ad7-926a-0df60dc74b69" testId="07f7d6e3-b9ab-a874-2adf-f523e6752e8b" testName="InnovationToImpact.Infrastructure.Tests.AssignmentServiceTests.SuggestLeastLoadedEvaluatorsAsync_RanksAscendingByOpenCount_ZeroAssignmentEvaluatorFirst" computerName="BUSHRA-ALGHAMDI" duration="00:00:00.1473356" startTime="2026-07-23T19:44:09.1186049+03:00" endTime="2026-07-23T19:44:09.1186051+03:00" testType="13cdc9d9-ddb5-4fa4-a97d-d965ccfc6d4b" outcome="Passed" testListId="8c84fa94-04c1-424b-9868-57a2d4851a1d" relativeResultsDirectory="3db2f84e-dea4-4ad7-926a-0df60dc74b69" />
    <UnitTestResult executionId="2f860910-4a13-4333-b2f3-3c04bad0463c" testId="986804f3-8f7f-81e4-0168-0a3c44ffacf0" testName="InnovationToImpact.Infrastructure.Tests.FakeAdIdentityLookupServiceTests.ResolveGroupMembersAsync_ReturnsResolvedMembersForSeededGroup" computerName="BUSHRA-ALGHAMDI" duration="00:00:00.0064625" startTime="2026-07-23T19:44:13.3024347+03:00" endTime="2026-07-23T19:44:13.3024348+03:00" testType="13cdc9d9-ddb5-4fa4-a97d-d965ccfc6d4b" outcome="Passed" testListId="8c84fa94-04c1-424b-9868-57a2d4851a1d" relativeResultsDirectory="2f860910-4a13-4333-b2f3-3c04bad0463c" />
    <UnitTestResult executionId="aed937ac-64a8-445b-984f-6be17baba1c6" testId="dc0008af-7349-7700-47c6-018c12eb42a5" testName="InnovationToImpact.Infrastructure.Tests.RosterServiceTests.CreateInvitationAsync_PendingGrantExistsWithoutRoleInvitation_AdoptsIt" computerName="BUSHRA-ALGHAMDI" duration="00:00:00.3656924" startTime="2026-07-23T19:44:01.4074105+03:00" endTime="2026-07-23T19:44:01.4074107+03:00" testType="13cdc9d9-ddb5-4fa4-a97d-d965ccfc6d4b" outcome="Passed" testListId="8c84fa94-04c1-424b-9868-57a2d4851a1d" relativeResultsDirectory="aed937ac-64a8-445b-984f-6be17baba1c6" />
    <UnitTestResult executionId="b57fb784-8531-4329-9886-07dcb34de269" testId="7a7a4067-7b90-5463-bd99-c6afa2696840" testName="InnovationToImpact.Infrastructure.Tests.IdeaJourneyCalculatorTests.EightStagesWithCanonicalLabels" computerName="BUSHRA-ALGHAMDI" duration="00:00:00.0018607" startTime="2026-07-23T19:44:25.1314434+03:00" endTime="2026-07-23T19:44:25.1314435+03:00" testType="13cdc9d9-ddb5-4fa4-a97d-d965ccfc6d4b" outcome="Passed" testListId="8c84fa94-04c1-424b-9868-57a2d4851a1d" relativeResultsDirectory="b57fb784-8531-4329-9886-07dcb34de269" />
    <UnitTestResult executionId="201ab7f1-d7d3-4ff7-858a-f221c90463e0" testId="1dc4b2bf-e8ed-d523-0498-13525644f5e6" testName="InnovationToImpact.Infrastructure.Tests.IdeaResubmitTests.ResubmitAsync_TitleSectionEditable_AppliesChangeAndTransitionsToSubmitted" computerName="BUSHRA-ALGHAMDI" duration="00:00:00.2089080" startTime="2026-07-23T19:44:25.0727498+03:00" endTime="2026-07-23T19:44:25.0727499+03:00" testType="13cdc9d9-ddb5-4fa4-a97d-d965ccfc6d4b" outcome="Passed" testListId="8c84fa94-04c1-424b-9868-57a2d4851a1d" relativeResultsDirectory="201ab7f1-d7d3-4ff7-858a-f221c90463e0" />
    <UnitTestResult executionId="3f78da25-7a70-4ad0-b09e-76515afbde16" testId="c7724891-9847-7307-ebee-f460a0818962" testName="InnovationToImpact.Infrastructure.Tests.CommitteeServiceTests.SubmitDecisionAsync_FinalJudgeDecision_OpensCommitteePublishApprovalInstanceForIdea" computerName="BUSHRA-ALGHAMDI" duration="00:00:00.2977050" startTime="2026-07-23T19:44:24.8089487+03:00" endTime="2026-07-23T19:44:24.8089492+03:00" testType="13cdc9d9-ddb5-4fa4-a97d-d965ccfc6d4b" outcome="Passed" testListId="8c84fa94-04c1-424b-9868-57a2d4851a1d" relativeResultsDirectory="3f78da25-7a70-4ad0-b09e-76515afbde16" />
    <UnitTestResult executionId="74092c4a-741a-437d-88d4-e02d0f077e54" testId="f812a0aa-0b5a-ecdf-c82b-f37680b455ce" testName="InnovationToImpact.Infrastructure.Tests.PhaseScheduleServiceTests.UpdateAsync_IdxOutOfRange_ReturnsNotFound" computerName="BUSHRA-ALGHAMDI" duration="00:00:00.2533121" startTime="2026-07-23T19:44:15.8115852+03:00" endTime="2026-07-23T19:44:15.8115853+03:00" testType="13cdc9d9-ddb5-4fa4-a97d-d965ccfc6d4b" outcome="Passed" testListId="8c84fa94-04c1-424b-9868-57a2d4851a1d" relativeResultsDirectory="74092c4a-741a-437d-88d4-e02d0f077e54" />
    <UnitTestResult executionId="0d20b478-e0fa-431d-99e1-e5d77a7fb4d9" testId="1d6e2356-b66f-1dda-c92b-5249e6428dad" testName="InnovationToImpact.Infrastructure.Tests.StrategicThemeServiceTests.UpdateAsync_NotFound_ReturnsNotFound" computerName="BUSHRA-ALGHAMDI" duration="00:00:00.2431650" startTime="2026-07-23T19:44:17.8078589+03:00" endTime="2026-07-23T19:44:17.8078590+03:00" testType="13cdc9d9-ddb5-4fa4-a97d-d965ccfc6d4b" outcome="Passed" testListId="8c84fa94-04c1-424b-9868-57a2d4851a1d" relativeResultsDirectory="0d20b478-e0fa-431d-99e1-e5d77a7fb4d9" />
    <UnitTestResult executionId="95732f93-a3a2-427b-bab3-6802c7e802b9" testId="5aa5a5d9-ee86-4960-d859-acd6e111cca9" testName="InnovationToImpact.Infrastructure.Tests.PostProgramServiceTests.Advance_SkippingAStage_IsInvalidTransition" computerName="BUSHRA-ALGHAMDI" duration="00:00:00.4082750" startTime="2026-07-23T19:44:17.0077039+03:00" endTime="2026-07-23T19:44:17.0077041+03:00" testType="13cdc9d9-ddb5-4fa4-a97d-d965ccfc6d4b" outcome="Passed" testListId="8c84fa94-04c1-424b-9868-57a2d4851a1d" relativeResultsDirectory="95732f93-a3a2-427b-bab3-6802c7e802b9" />
    <UnitTestResult executionId="a8bc69d5-1b0f-4933-b2bb-b777dd821c21" testId="d4e90773-5826-58ae-a28d-c979205ad225" testName="InnovationToImpact.Infrastructure.Tests.ApprovalServiceTests.OpenInstanceAsync_NotifiesStep1RoleHolders" computerName="BUSHRA-ALGHAMDI" duration="00:00:00.2578941" startTime="2026-07-23T19:44:24.5700480+03:00" endTime="2026-07-23T19:44:24.5700482+03:00" testType="13cdc9d9-ddb5-4fa4-a97d-d965ccfc6d4b" outcome="Passed" testListId="8c84fa94-04c1-424b-9868-57a2d4851a1d" relativeResultsDirectory="a8bc69d5-1b0f-4933-b2bb-b777dd821c21" />
    <UnitTestResult executionId="e1b18deb-43c6-467d-99f1-3a5141b49054" testId="3ac53b76-e8f3-fdfa-d05f-155c693d2e92" testName="InnovationToImpact.Infrastructure.Tests.ReportGenerationServiceTests.GeneratesEscalationsReport_UpdatesStatusToCompleted_LinksToEscalationsExportReportTitle" computerName="BUSHRA-ALGHAMDI" duration="00:00:01.1631616" startTime="2026-07-23T19:44:12.3159983+03:00" endTime="2026-07-23T19:44:12.3159984+03:00" testType="13cdc9d9-ddb5-4fa4-a97d-d965ccfc6d4b" outcome="Passed" testListId="8c84fa94-04c1-424b-9868-57a2d4851a1d" relativeResultsDirectory="e1b18deb-43c6-467d-99f1-3a5141b49054" />
    <UnitTestResult executionId="ee98f6bd-db3e-4a8a-84c6-8462539ea063" testId="d2ff0273-065a-8830-b755-4e816fd2178a" testName="InnovationToImpact.Infrastructure.Tests.AssignmentConfigurationTests.SavesAssignmentWithRequiredRelationships" computerName="BUSHRA-ALGHAMDI" duration="00:00:00.0703087" startTime="2026-07-23T19:44:15.1170633+03:00" endTime="2026-07-23T19:44:15.1170634+03:00" testType="13cdc9d9-ddb5-4fa4-a97d-d965ccfc6d4b" outcome="Passed" testListId="8c84fa94-04c1-424b-9868-57a2d4851a1d" relativeResultsDirectory="ee98f6bd-db3e-4a8a-84c6-8462539ea063" />
    <UnitTestResult executionId="0031074e-6452-4a47-9e52-f8630119a7fa" testId="836c5539-2ed6-b0da-8489-de4a12ea2f6f" testName="InnovationToImpact.Infrastructure.Tests.UserManagementServiceTests.GrantRoleAsync_UnknownUser_CreatesPendingGrant" computerName="BUSHRA-ALGHAMDI" duration="00:00:00.2741157" startTime="2026-07-23T19:44:16.7274288+03:00" endTime="2026-07-23T19:44:16.7274290+03:00" testType="13cdc9d9-ddb5-4fa4-a97d-d965ccfc6d4b" outcome="Passed" testListId="8c84fa94-04c1-424b-9868-57a2d4851a1d" relativeResultsDirectory="0031074e-6452-4a47-9e52-f8630119a7fa" />
    <UnitTestResult executionId="5daff30f-af14-4a11-8b7f-06d49c647f3f" testId="582aca31-5c31-7c39-2910-2891f81a3163" testName="InnovationToImpact.Infrastructure.Tests.TeamInvitationConfigurationTests.SavesTeamInvitationWithDefaultExpiry" computerName="BUSHRA-ALGHAMDI" duration="00:00:00.0393948" startTime="2026-07-23T19:44:11.7810793+03:00" endTime="2026-07-23T19:44:11.7810795+03:00" testType="13cdc9d9-ddb5-4fa4-a97d-d965ccfc6d4b" outcome="Passed" testListId="8c84fa94-04c1-424b-9868-57a2d4851a1d" relativeResultsDirectory="5daff30f-af14-4a11-8b7f-06d49c647f3f" />
    <UnitTestResult executionId="da3b73ce-4f12-4e8f-9c59-6c7ce5f1bebb" testId="dce367a6-999f-f8cc-2278-c0eedc0ca5b8" testName="InnovationToImpact.Infrastructure.Tests.RoleInvitationReminderProcessorTests.ProcessAsync_PastDeadline_ExpiresInvitationAndCancelsPendingGrant" computerName="BUSHRA-ALGHAMDI" duration="00:00:00.4218723" startTime="2026-07-23T19:44:14.8450478+03:00" endTime="2026-07-23T19:44:14.8450481+03:00" testType="13cdc9d9-ddb5-4fa4-a97d-d965ccfc6d4b" outcome="Passed" testListId="8c84fa94-04c1-424b-9868-57a2d4851a1d" relativeResultsDirectory="da3b73ce-4f12-4e8f-9c59-6c7ce5f1bebb" />
    <UnitTestResult executionId="cf5b97c7-5c6d-40f4-92f7-b418c50e4fcc" testId="13d615d0-9b0d-c16f-2cad-0495b595f1e4" testName="InnovationToImpact.Infrastructure.Tests.EscalationServiceTests.ListAsync_FilterByStatus_ReturnsOnlyMatching" computerName="BUSHRA-ALGHAMDI" duration="00:00:00.2080335" startTime="2026-07-23T19:44:19.8052321+03:00" endTime="2026-07-23T19:44:19.8052321+03:00" testType="13cdc9d9-ddb5-4fa4-a97d-d965ccfc6d4b" outcome="Passed" testListId="8c84fa94-04c1-424b-9868-57a2d4851a1d" relativeResultsDirectory="cf5b97c7-5c6d-40f4-92f7-b418c50e4fcc" />
    <UnitTestResult executionId="b3fec1b7-2950-449a-bbb0-a8f9ebfb50ed" testId="70f8b77d-cce2-9398-7eec-535fc977bde7" testName="InnovationToImpact.Infrastructure.Tests.TrackAssignmentServiceTests.AssignAsync_NonEvaluatorRoleUser_ReturnsInvalidEvaluator" computerName="BUSHRA-ALGHAMDI" duration="00:00:00.3899845" startTime="2026-07-23T19:44:12.2852081+03:00" endTime="2026-07-23T19:44:12.2852082+03:00" testType="13cdc9d9-ddb5-4fa4-a97d-d965ccfc6d4b" outcome="Passed" testListId="8c84fa94-04c1-424b-9868-57a2d4851a1d" relativeResultsDirectory="b3fec1b7-2950-449a-bbb0-a8f9ebfb50ed" />
    <UnitTestResult executionId="345b29bd-ce3b-4a69-ac7f-2048c31c9ce6" testId="609dd515-826e-dcb4-d00d-af528a4e9641" testName="InnovationToImpact.Infrastructure.Tests.AssignmentServiceTests.ListAsync_FiltersByEvaluatorStatusAndIdeaSearch_AndPaginatesCorrectly" computerName="BUSHRA-ALGHAMDI" duration="00:00:00.2040318" startTime="2026-07-23T19:44:07.7472322+03:00" endTime="2026-07-23T19:44:07.7472325+03:00" testType="13cdc9d9-ddb5-4fa4-a97d-d965ccfc6d4b" outcome="Passed" testListId="8c84fa94-04c1-424b-9868-57a2d4851a1d" relativeResultsDirectory="345b29bd-ce3b-4a69-ac7f-2048c31c9ce6" />
    <UnitTestResult executionId="9abfcba7-95b8-42a6-b6d5-843de71e984f" testId="5ba9fbac-eda8-1869-416c-1340f016f6bd" testName="InnovationToImpact.Infrastructure.Tests.ReminderSchedulerHostedServiceTests.RunTickAsync_Monday_AlsoRunsWeeklyBriefing" computerName="BUSHRA-ALGHAMDI" duration="00:00:00.2357466" startTime="2026-07-23T19:44:19.9352408+03:00" endTime="2026-07-23T19:44:19.9352410+03:00" testType="13cdc9d9-ddb5-4fa4-a97d-d965ccfc6d4b" outcome="Passed" testListId="8c84fa94-04c1-424b-9868-57a2d4851a1d" relativeResultsDirectory="9abfcba7-95b8-42a6-b6d5-843de71e984f" />
    <UnitTestResult executionId="0c3b2de9-5ef7-4f6d-860a-e48e7446b352" testId="e5025daf-84c1-6824-b439-33fc81fc0b59" testName="InnovationToImpact.Infrastructure.Tests.ChallengeServiceTests.UpdateAsync_NotFound_ReturnsNotFound" computerName="BUSHRA-ALGHAMDI" duration="00:00:00.3133246" startTime="2026-07-23T19:44:11.7173542+03:00" endTime="2026-07-23T19:44:11.7173543+03:00" testType="13cdc9d9-ddb5-4fa4-a97d-d965ccfc6d4b" outcome="Passed" testListId="8c84fa94-04c1-424b-9868-57a2d4851a1d" relativeResultsDirectory="0c3b2de9-5ef7-4f6d-860a-e48e7446b352" />
    <UnitTestResult executionId="f9f01d41-d7c4-46c1-a59d-a6d7b76ae4c3" testId="f9f8127e-922e-8bad-3af3-d199003ba3d9" testName="InnovationToImpact.Infrastructure.Tests.PilotBenefitFundingLookupTests.SeedsBothBenefitTypeCodes" computerName="BUSHRA-ALGHAMDI" duration="00:00:00.0076005" startTime="2026-07-23T19:44:21.3279801+03:00" endTime="2026-07-23T19:44:21.3279802+03:00" testType="13cdc9d9-ddb5-4fa4-a97d-d965ccfc6d4b" outcome="Passed" testListId="8c84fa94-04c1-424b-9868-57a2d4851a1d" relativeResultsDirectory="f9f01d41-d7c4-46c1-a59d-a6d7b76ae4c3" />
    <UnitTestResult executionId="d539fd03-ae9c-43e7-8f1c-049b41824f82" testId="2d797c35-466b-c0ef-5c2b-35ef94890199" testName="InnovationToImpact.Infrastructure.Tests.EvaluationsReportGeneratorTests.GeneratesWorkbookWithOneRowPerEvaluation" computerName="BUSHRA-ALGHAMDI" duration="00:00:00.1550550" startTime="2026-07-23T19:44:25.2869530+03:00" endTime="2026-07-23T19:44:25.2869532+03:00" testType="13cdc9d9-ddb5-4fa4-a97d-d965ccfc6d4b" outcome="Passed" testListId="8c84fa94-04c1-424b-9868-57a2d4851a1d" relativeResultsDirectory="d539fd03-ae9c-43e7-8f1c-049b41824f82" />
    <UnitTestResult executionId="0c363d90-74ff-423a-9f9d-27a9b2478df9" testId="eb665589-c308-c9bf-54e4-ba6cdd252c70" testName="InnovationToImpact.Infrastructure.Tests.IdeaServiceTests.AddAttachmentAsync_WhenPassAwaitingAttachments_Succeeds" computerName="BUSHRA-ALGHAMDI" duration="00:00:00.2570006" startTime="2026-07-23T19:44:20.0925532+03:00" endTime="2026-07-23T19:44:20.0925533+03:00" testType="13cdc9d9-ddb5-4fa4-a97d-d965ccfc6d4b" outcome="Passed" testListId="8c84fa94-04c1-424b-9868-57a2d4851a1d" relativeResultsDirectory="0c363d90-74ff-423a-9f9d-27a9b2478df9" />
    <UnitTestResult executionId="94f7591a-8c51-474d-90f1-5657a88aee35" testId="7daefeef-74b3-171d-1762-222be0ec828c" testName="InnovationToImpact.Infrastructure.Tests.ImplementationConfigurationTests.SavesImplementationWithRequiredRelationships" computerName="BUSHRA-ALGHAMDI" duration="00:00:00.1380373" startTime="2026-07-23T19:44:24.9251185+03:00" endTime="2026-07-23T19:44:24.9251187+03:00" testType="13cdc9d9-ddb5-4fa4-a97d-d965ccfc6d4b" outcome="Passed" testListId="8c84fa94-04c1-424b-9868-57a2d4851a1d" relativeResultsDirectory="94f7591a-8c51-474d-90f1-5657a88aee35" />
    <UnitTestResult executionId="c490482e-c118-410b-8e46-d01ad6f0446c" testId="488a6a28-a95f-7ae9-5d83-15f5ff6e0b91" testName="InnovationToImpact.Infrastructure.Tests.CommitteeDecisionConfigurationTests.SavesCommitteeDecisionWithRequiredRelationships" computerName="BUSHRA-ALGHAMDI" duration="00:00:00.0392915" startTime="2026-07-23T19:44:24.3695202+03:00" endTime="2026-07-23T19:44:24.3695203+03:00" testType="13cdc9d9-ddb5-4fa4-a97d-d965ccfc6d4b" outcome="Passed" testListId="8c84fa94-04c1-424b-9868-57a2d4851a1d" relativeResultsDirectory="c490482e-c118-410b-8e46-d01ad6f0446c" />
    <UnitTestResult executionId="c21d0552-0aa3-4d0b-852b-449e32a68b12" testId="96888683-cb3f-abd3-8087-c7a9dafd904f" testName="InnovationToImpact.Infrastructure.Tests.EmailOutboxConfigurationTests.SavesOutboxEntryTargetingAPlatformUser" computerName="BUSHRA-ALGHAMDI" duration="00:00:00.0350212" startTime="2026-07-23T19:44:13.2858607+03:00" endTime="2026-07-23T19:44:13.2858608+03:00" testType="13cdc9d9-ddb5-4fa4-a97d-d965ccfc6d4b" outcome="Passed" testListId="8c84fa94-04c1-424b-9868-57a2d4851a1d" relativeResultsDirectory="c21d0552-0aa3-4d0b-852b-449e32a68b12" />
    <UnitTestResult executionId="51f09908-5337-4942-8034-c99f4a8a596f" testId="7399bdef-a06f-7255-b05b-7a07316a738d" testName="InnovationToImpact.Infrastructure.Tests.ReminderSchedulerHostedServiceTests.RunTickAsync_CalledTwiceSameDay_RunsDailyJobsOnlyOnce" computerName="BUSHRA-ALGHAMDI" duration="00:00:04.3799189" startTime="2026-07-23T19:44:19.2803000+03:00" endTime="2026-07-23T19:44:19.2803001+03:00" testType="13cdc9d9-ddb5-4fa4-a97d-d965ccfc6d4b" outcome="Passed" testListId="8c84fa94-04c1-424b-9868-57a2d4851a1d" relativeResultsDirectory="51f09908-5337-4942-8034-c99f4a8a596f" />
    <UnitTestResult executionId="765904af-b97e-49e1-be6a-cc82ad1f0ee9" testId="3a21ad15-e239-7e1c-8487-9fefc54cd954" testName="InnovationToImpact.Infrastructure.Tests.CommitteeServiceTests.SubmitDecisionAsync_AlreadyDecided_ReturnsAlreadyDecided" computerName="BUSHRA-ALGHAMDI" duration="00:00:00.1804803" startTime="2026-07-23T19:44:25.2513834+03:00" endTime="2026-07-23T19:44:25.2513835+03:00" testType="13cdc9d9-ddb5-4fa4-a97d-d965ccfc6d4b" outcome="Passed" testListId="8c84fa94-04c1-424b-9868-57a2d4851a1d" relativeResultsDirectory="765904af-b97e-49e1-be6a-cc82ad1f0ee9" />
    <UnitTestResult executionId="c4500182-76be-491e-9bd6-1622edcd3947" testId="85502ee2-76cb-9d76-ec3b-c33b1717ef4f" testName="InnovationToImpact.Infrastructure.Tests.TeamLookupTests.SeedsAllFourTeamInvitationStatusCodes" computerName="BUSHRA-ALGHAMDI" duration="00:00:00.0073474" startTime="2026-07-23T19:44:15.7875573+03:00" endTime="2026-07-23T19:44:15.7875575+03:00" testType="13cdc9d9-ddb5-4fa4-a97d-d965ccfc6d4b" outcome="Passed" testListId="8c84fa94-04c1-424b-9868-57a2d4851a1d" relativeResultsDirectory="c4500182-76be-491e-9bd6-1622edcd3947" />
    <UnitTestResult executionId="f54b8a6f-e6d4-4939-b94e-1df10a3d8c12" testId="5f26b661-2423-dd76-b3b5-79cb374bc2d9" testName="InnovationToImpact.Infrastructure.Tests.PilotBenefitFundingLookupTests.SeedsAllFourFundingStatusCodes" computerName="BUSHRA-ALGHAMDI" duration="00:00:00.0027291" startTime="2026-07-23T19:44:21.3203014+03:00" endTime="2026-07-23T19:44:21.3203015+03:00" testType="13cdc9d9-ddb5-4fa4-a97d-d965ccfc6d4b" outcome="Passed" testListId="8c84fa94-04c1-424b-9868-57a2d4851a1d" relativeResultsDirectory="f54b8a6f-e6d4-4939-b94e-1df10a3d8c12" />
    <UnitTestResult executionId="bed90db3-17c2-411f-989c-f61553ad5e03" testId="f9cf7b77-3622-7600-44c5-e0a1bf099566" testName="InnovationToImpact.Infrastructure.Tests.ScreeningServiceTests.SubmitDecisionAsync_Reject_DoesNotSetEnteredEvaluationAt" computerName="BUSHRA-ALGHAMDI" duration="00:00:00.3982330" startTime="2026-07-23T19:44:02.1354306+03:00" endTime="2026-07-23T19:44:02.1354311+03:00" testType="13cdc9d9-ddb5-4fa4-a97d-d965ccfc6d4b" outcome="Passed" testListId="8c84fa94-04c1-424b-9868-57a2d4851a1d" relativeResultsDirectory="bed90db3-17c2-411f-989c-f61553ad5e03" />
    <UnitTestResult executionId="cc08c60e-8a4e-439e-aa0a-568cec2c9166" testId="a82fe3bc-5a06-5bdb-56e5-28cf36ced3b7" testName="InnovationToImpact.Infrastructure.Tests.EvaluationCommitteeMigrationTests.MigratedDatabaseContainsEvaluationCommitteeSeedData" computerName="BUSHRA-ALGHAMDI" duration="00:00:05.5674784" startTime="2026-07-23T19:44:30.5309518+03:00" endTime="2026-07-23T19:44:30.5309520+03:00" testType="13cdc9d9-ddb5-4fa4-a97d-d965ccfc6d4b" outcome="Failed" testListId="8c84fa94-04c1-424b-9868-57a2d4851a1d" relativeResultsDirectory="cc08c60e-8a4e-439e-aa0a-568cec2c9166">
      <Output>
        <ErrorInfo>
          <Message>Microsoft.Data.SqlClient.SqlException : A network-related or instance-specific error occurred while establishing a connection to SQL Server. The server was not found or was not accessible. Verify that the instance name is correct and that SQL Server is configured to allow remote connections. (provider: SQL Network Interfaces, error: 52 - Unable to locate a Local Database Runtime installation. Verify that SQL Server Express is properly installed and that the Local Database Runtime feature is enabled.)&#xD;
---- System.ComponentModel.Win32Exception : The system cannot find the file specified.</Message>
          <StackTrace>   at Microsoft.Data.ProviderBase.DbConnectionPool.TryGetConnection(DbConnection owningObject, UInt32 waitForMultipleObjectsTimeout, Boolean allowCreate, Boolean onlyOneCheckConnection, DbConnectionOptions userOptions, DbConnectionInternal&amp; connection)&#xD;
   at Microsoft.Data.ProviderBase.DbConnectionPool.TryGetConnection(DbConnection owningObject, TaskCompletionSource`1 retry, DbConnectionOptions userOptions, DbConnectionInternal&amp; connection)&#xD;
   at Microsoft.Data.ProviderBase.DbConnectionFactory.TryGetConnection(DbConnection owningConnection, TaskCompletionSource`1 retry, DbConnectionOptions userOptions, DbConnectionInternal oldConnection, DbConnectionInternal&amp; connection)&#xD;
   at Microsoft.Data.ProviderBase.DbConnectionInternal.TryOpenConnectionInternal(DbConnection outerConnection, DbConnectionFactory connectionFactory, TaskCompletionSource`1 retry, DbConnectionOptions userOptions)&#xD;
   at Microsoft.Data.ProviderBase.DbConnectionClosed.TryOpenConnection(DbConnection outerConnection, DbConnectionFactory connectionFactory, TaskCompletionSource`1 retry, DbConnectionOptions userOptions)&#xD;
   at Microsoft.Data.SqlClient.SqlConnection.TryOpen(TaskCompletionSource`1 retry, SqlConnectionOverrides overrides)&#xD;
   at Microsoft.Data.SqlClient.SqlConnection.Open(SqlConnectionOverrides overrides)&#xD;
   at Microsoft.EntityFrameworkCore.SqlServer.Storage.Internal.SqlServerConnection.OpenDbConnection(Boolean errorsExpected)&#xD;
   at Microsoft.EntityFrameworkCore.Storage.RelationalConnection.OpenInternal(Boolean errorsExpected)&#xD;
   at Microsoft.EntityFrameworkCore.Storage.RelationalConnection.Open(Boolean errorsExpected)&#xD;
   at Microsoft.EntityFrameworkCore.SqlServer.Storage.Internal.SqlServerDatabaseCreator.&lt;&gt;c__DisplayClass18_0.&lt;Exists&gt;b__0(DateTime giveUp)&#xD;
   at Microsoft.EntityFrameworkCore.ExecutionStrategyExtensions.&lt;&gt;c__DisplayClass12_0`2.&lt;Execute&gt;b__0(DbContext _, TState s)&#xD;
   at Microsoft.EntityFrameworkCore.SqlServer.Storage.Internal.SqlServerExecutionStrategy.Execute[TState,TResult](TState state, Func`3 operation, Func`3 verifySucceeded)&#xD;
   at Microsoft.EntityFrameworkCore.ExecutionStrategyExtensions.Execute[TState,TResult](IExecutionStrategy strategy, TState state, Func`2 operation, Func`2 verifySucceeded)&#xD;
   at Microsoft.EntityFrameworkCore.SqlServer.Storage.Internal.SqlServerDatabaseCreator.Exists(Boolean retryOnNotExists)&#xD;
   at Microsoft.EntityFrameworkCore.SqlServer.Storage.Internal.SqlServerDatabaseCreator.Exists()&#xD;
   at Microsoft.EntityFrameworkCore.Migrations.HistoryRepository.Exists()&#xD;
   at Microsoft.EntityFrameworkCore.Migrations.Internal.Migrator.Migrate(String targetMigration)&#xD;
   at Microsoft.EntityFrameworkCore.RelationalDatabaseFacadeExtensions.Migrate(DatabaseFacade databaseFacade)&#xD;
   at InnovationToImpact.Infrastructure.Tests.EvaluationCommitteeMigrationTests.MigratedDatabaseContainsEvaluationCommitteeSeedData() in C:\Users\Raid\Desktop\i2i\Version2\Innovation\Innovation\backend\tests\InnovationToImpact.Infrastructure.Tests\EvaluationCommitteeMigrationTests.cs:line 21&#xD;
   at System.RuntimeMethodHandle.InvokeMethod(Object target, Void** arguments, Signature sig, Boolean isConstructor)&#xD;
   at System.Reflection.MethodBaseInvoker.InvokeWithNoArgs(Object obj, BindingFlags invokeAttr)&#xD;
----- Inner Stack Trace -----&#xD;
</StackTrace>
        </ErrorInfo>
      </Output>
    </UnitTestResult>
    <UnitTestResult executionId="a7553794-cb31-490f-a8d7-c286beb6ec64" testId="d31cc83f-3ae6-2a66-70b6-9019a2954d75" testName="InnovationToImpact.Infrastructure.Tests.BenefitConfigurationTests.SavesBenefitWithRequiredRelationships" computerName="BUSHRA-ALGHAMDI" duration="00:00:00.0595800" startTime="2026-07-23T19:44:13.9046339+03:00" endTime="2026-07-23T19:44:13.9046340+03:00" testType="13cdc9d9-ddb5-4fa4-a97d-d965ccfc6d4b" outcome="Passed" testListId="8c84fa94-04c1-424b-9868-57a2d4851a1d" relativeResultsDirectory="a7553794-cb31-490f-a8d7-c286beb6ec64" />
    <UnitTestResult executionId="b70e604f-8dac-4093-a6f0-9d10db10d3c2" testId="ff83fcd1-8724-05e2-0ccd-3050e260b581" testName="InnovationToImpact.Infrastructure.Tests.IpKnowledgeLookupTests.SeedsBothKnowledgeVisibilityCodes" computerName="BUSHRA-ALGHAMDI" duration="00:00:00.0091839" startTime="2026-07-23T19:44:23.5510367+03:00" endTime="2026-07-23T19:44:23.5510368+03:00" testType="13cdc9d9-ddb5-4fa4-a97d-d965ccfc6d4b" outcome="Passed" testListId="8c84fa94-04c1-424b-9868-57a2d4851a1d" relativeResultsDirectory="b70e604f-8dac-4093-a6f0-9d10db10d3c2" />
    <UnitTestResult executionId="6d446662-4de7-4004-a869-2eca137acbac" testId="2df855a4-a832-586e-e408-b97fe690eb24" testName="InnovationToImpact.Infrastructure.Tests.EvaluationServiceTests.SubmitAsync_AlreadyEvaluatedByThisEvaluator_ReturnsAlreadyEvaluated" computerName="BUSHRA-ALGHAMDI" duration="00:00:00.6684569" startTime="2026-07-23T19:44:15.4880696+03:00" endTime="2026-07-23T19:44:15.4880697+03:00" testType="13cdc9d9-ddb5-4fa4-a97d-d965ccfc6d4b" outcome="Passed" testListId="8c84fa94-04c1-424b-9868-57a2d4851a1d" relativeResultsDirectory="6d446662-4de7-4004-a869-2eca137acbac" />
    <UnitTestResult executionId="4dd4fff1-9d43-4a56-bf3b-8d761156fb86" testId="00022240-129b-f30f-ede6-7f3cd834badc" testName="InnovationToImpact.Infrastructure.Tests.CmsServiceTests.DeleteStringAsync_ExistingId_DeletesAndAppendsAuditEntry" computerName="BUSHRA-ALGHAMDI" duration="00:00:00.2349477" startTime="2026-07-23T19:44:23.2907942+03:00" endTime="2026-07-23T19:44:23.2907943+03:00" testType="13cdc9d9-ddb5-4fa4-a97d-d965ccfc6d4b" outcome="Passed" testListId="8c84fa94-04c1-424b-9868-57a2d4851a1d" relativeResultsDirectory="4dd4fff1-9d43-4a56-bf3b-8d761156fb86" />
    <UnitTestResult executionId="b8fd9e8d-4e47-4179-9086-1db8e63715ff" testId="84577bd1-6e7b-1654-cd29-1adbf82558aa" testName="InnovationToImpact.Infrastructure.Tests.IpKnowledgeMigrationTests.MigratedDatabaseContainsIpKnowledgeSeedData" computerName="BUSHRA-ALGHAMDI" duration="00:00:05.9192304" startTime="2026-07-23T19:44:10.8060504+03:00" endTime="2026-07-23T19:44:10.8060508+03:00" testType="13cdc9d9-ddb5-4fa4-a97d-d965ccfc6d4b" outcome="Failed" testListId="8c84fa94-04c1-424b-9868-57a2d4851a1d" relativeResultsDirectory="b8fd9e8d-4e47-4179-9086-1db8e63715ff">
      <Output>
        <ErrorInfo>
          <Message>Microsoft.Data.SqlClient.SqlException : A network-related or instance-specific error occurred while establishing a connection to SQL Server. The server was not found or was not accessible. Verify that the instance name is correct and that SQL Server is configured to allow remote connections. (provider: SQL Network Interfaces, error: 52 - Unable to locate a Local Database Runtime installation. Verify that SQL Server Express is properly installed and that the Local Database Runtime feature is enabled.)&#xD;
---- System.ComponentModel.Win32Exception : The system cannot find the file specified.</Message>
          <StackTrace>   at Microsoft.Data.ProviderBase.DbConnectionPool.TryGetConnection(DbConnection owningObject, UInt32 waitForMultipleObjectsTimeout, Boolean allowCreate, Boolean onlyOneCheckConnection, DbConnectionOptions userOptions, DbConnectionInternal&amp; connection)&#xD;
   at Microsoft.Data.ProviderBase.DbConnectionPool.TryGetConnection(DbConnection owningObject, TaskCompletionSource`1 retry, DbConnectionOptions userOptions, DbConnectionInternal&amp; connection)&#xD;
   at Microsoft.Data.ProviderBase.DbConnectionFactory.TryGetConnection(DbConnection owningConnection, TaskCompletionSource`1 retry, DbConnectionOptions userOptions, DbConnectionInternal oldConnection, DbConnectionInternal&amp; connection)&#xD;
   at Microsoft.Data.ProviderBase.DbConnectionInternal.TryOpenConnectionInternal(DbConnection outerConnection, DbConnectionFactory connectionFactory, TaskCompletionSource`1 retry, DbConnectionOptions userOptions)&#xD;
   at Microsoft.Data.ProviderBase.DbConnectionClosed.TryOpenConnection(DbConnection outerConnection, DbConnectionFactory connectionFactory, TaskCompletionSource`1 retry, DbConnectionOptions userOptions)&#xD;
   at Microsoft.Data.SqlClient.SqlConnection.TryOpen(TaskCompletionSource`1 retry, SqlConnectionOverrides overrides)&#xD;
   at Microsoft.Data.SqlClient.SqlConnection.Open(SqlConnectionOverrides overrides)&#xD;
   at Microsoft.EntityFrameworkCore.SqlServer.Storage.Internal.SqlServerConnection.OpenDbConnection(Boolean errorsExpected)&#xD;
   at Microsoft.EntityFrameworkCore.Storage.RelationalConnection.OpenInternal(Boolean errorsExpected)&#xD;
   at Microsoft.EntityFrameworkCore.Storage.RelationalConnection.Open(Boolean errorsExpected)&#xD;
   at Microsoft.EntityFrameworkCore.SqlServer.Storage.Internal.SqlServerDatabaseCreator.&lt;&gt;c__DisplayClass18_0.&lt;Exists&gt;b__0(DateTime giveUp)&#xD;
   at Microsoft.EntityFrameworkCore.ExecutionStrategyExtensions.&lt;&gt;c__DisplayClass12_0`2.&lt;Execute&gt;b__0(DbContext _, TState s)&#xD;
   at Microsoft.EntityFrameworkCore.SqlServer.Storage.Internal.SqlServerExecutionStrategy.Execute[TState,TResult](TState state, Func`3 operation, Func`3 verifySucceeded)&#xD;
   at Microsoft.EntityFrameworkCore.ExecutionStrategyExtensions.Execute[TState,TResult](IExecutionStrategy strategy, TState state, Func`2 operation, Func`2 verifySucceeded)&#xD;
   at Microsoft.EntityFrameworkCore.SqlServer.Storage.Internal.SqlServerDatabaseCreator.Exists(Boolean retryOnNotExists)&#xD;
   at Microsoft.EntityFrameworkCore.SqlServer.Storage.Internal.SqlServerDatabaseCreator.Exists()&#xD;
   at Microsoft.EntityFrameworkCore.Migrations.HistoryRepository.Exists()&#xD;
   at Microsoft.EntityFrameworkCore.Migrations.Internal.Migrator.Migrate(String targetMigration)&#xD;
   at Microsoft.EntityFrameworkCore.RelationalDatabaseFacadeExtensions.Migrate(DatabaseFacade databaseFacade)&#xD;
   at InnovationToImpact.Infrastructure.Tests.IpKnowledgeMigrationTests.MigratedDatabaseContainsIpKnowledgeSeedData() in C:\Users\Raid\Desktop\i2i\Version2\Innovation\Innovation\backend\tests\InnovationToImpact.Infrastructure.Tests\IpKnowledgeMigrationTests.cs:line 21&#xD;
   at System.RuntimeMethodHandle.InvokeMethod(Object target, Void** arguments, Signature sig, Boolean isConstructor)&#xD;
   at System.Reflection.MethodBaseInvoker.InvokeWithNoArgs(Object obj, BindingFlags invokeAttr)&#xD;
----- Inner Stack Trace -----&#xD;
</StackTrace>
        </ErrorInfo>
      </Output>
    </UnitTestResult>
    <UnitTestResult executionId="d3371dd7-dfb1-4f99-b138-97d030d2fe21" testId="f6b3af09-f371-48de-7095-bb9a6cdb9a8d" testName="InnovationToImpact.Infrastructure.Tests.ImplementationConfigurationTests.RejectsHandoverStatusIdThatDoesNotExist" computerName="BUSHRA-ALGHAMDI" duration="00:00:00.0168002" startTime="2026-07-23T19:44:24.9424116+03:00" endTime="2026-07-23T19:44:24.9424118+03:00" testType="13cdc9d9-ddb5-4fa4-a97d-d965ccfc6d4b" outcome="Passed" testListId="8c84fa94-04c1-424b-9868-57a2d4851a1d" relativeResultsDirectory="d3371dd7-dfb1-4f99-b138-97d030d2fe21" />
    <UnitTestResult executionId="dc1fe545-6dcc-47bd-a244-8c0ede326096" testId="6bad7891-70cb-b2c3-df7e-0eb102985e7f" testName="InnovationToImpact.Infrastructure.Tests.UserManagementServiceTests.GrantRoleAsync_ExistingUser_GrantsImmediately" computerName="BUSHRA-ALGHAMDI" duration="00:00:00.4294899" startTime="2026-07-23T19:44:15.6866407+03:00" endTime="2026-07-23T19:44:15.6866408+03:00" testType="13cdc9d9-ddb5-4fa4-a97d-d965ccfc6d4b" outcome="Passed" testListId="8c84fa94-04c1-424b-9868-57a2d4851a1d" relativeResultsDirectory="dc1fe545-6dcc-47bd-a244-8c0ede326096" />
    <UnitTestResult executionId="2f3a303b-4d2f-415f-b116-a977e36fdc5b" testId="640f32c2-226b-2c3a-658c-21417226fda7" testName="InnovationToImpact.Infrastructure.Tests.AuditLogConfigurationTests.RejectsDuplicateChainSeq" computerName="BUSHRA-ALGHAMDI" duration="00:00:00.0044936" startTime="2026-07-23T19:44:25.1569424+03:00" endTime="2026-07-23T19:44:25.1569426+03:00" testType="13cdc9d9-ddb5-4fa4-a97d-d965ccfc6d4b" outcome="Passed" testListId="8c84fa94-04c1-424b-9868-57a2d4851a1d" relativeResultsDirectory="2f3a303b-4d2f-415f-b116-a977e36fdc5b" />
    <UnitTestResult executionId="7500247d-fae5-468f-b4d3-739035672379" testId="f4ec5a5b-29cd-18d3-1d28-536c85306076" testName="InnovationToImpact.Infrastructure.Tests.RoleConfigurationTests.RejectsDuplicateRoleCode" computerName="BUSHRA-ALGHAMDI" duration="00:00:00.0022675" startTime="2026-07-23T19:44:11.1462928+03:00" endTime="2026-07-23T19:44:11.1462929+03:00" testType="13cdc9d9-ddb5-4fa4-a97d-d965ccfc6d4b" outcome="Passed" testListId="8c84fa94-04c1-424b-9868-57a2d4851a1d" relativeResultsDirectory="7500247d-fae5-468f-b4d3-739035672379" />
    <UnitTestResult executionId="3a7f992d-d7f8-4e0b-bf64-ac716f61580b" testId="25e012b1-bb86-1784-a182-233564cf77d0" testName="InnovationToImpact.Infrastructure.Tests.EmailTemplateAttachmentServiceTests.UploadAsync_TemplateDoesNotExist_ReturnsTemplateNotFound" computerName="BUSHRA-ALGHAMDI" duration="00:00:00.3072212" startTime="2026-07-23T19:44:14.0004694+03:00" endTime="2026-07-23T19:44:14.0004695+03:00" testType="13cdc9d9-ddb5-4fa4-a97d-d965ccfc6d4b" outcome="Passed" testListId="8c84fa94-04c1-424b-9868-57a2d4851a1d" relativeResultsDirectory="3a7f992d-d7f8-4e0b-bf64-ac716f61580b" />
    <UnitTestResult executionId="91659a1e-f599-4e93-ba9f-44b32540fb28" testId="9e5a63bc-ab76-adcf-0da5-6142a8dbe1cb" testName="InnovationToImpact.Infrastructure.Tests.EvaluationSettingsServiceTests.Update_BoundaryValue_SucceedsAndPersists(boundary: 0)" computerName="BUSHRA-ALGHAMDI" duration="00:00:00.1972009" startTime="2026-07-23T19:44:05.4477913+03:00" endTime="2026-07-23T19:44:05.4477915+03:00" testType="13cdc9d9-ddb5-4fa4-a97d-d965ccfc6d4b" outcome="Passed" testListId="8c84fa94-04c1-424b-9868-57a2d4851a1d" relativeResultsDirectory="91659a1e-f599-4e93-ba9f-44b32540fb28" />
    <UnitTestResult executionId="6c0c2dc1-2b8d-4899-a3a6-748f21a4b796" testId="1a362236-9cf4-dbdb-ea44-52038d0d6159" testName="InnovationToImpact.Infrastructure.Tests.PostProgramServiceTests.Advance_ValidNextStep_UpdatesStatusAndStage(from: &quot;approved&quot;, to: &quot;in_pilot&quot;, expectedStage: 6)" computerName="BUSHRA-ALGHAMDI" duration="00:00:00.4499130" startTime="2026-07-23T19:44:18.4672968+03:00" endTime="2026-07-23T19:44:18.4672971+03:00" testType="13cdc9d9-ddb5-4fa4-a97d-d965ccfc6d4b" outcome="Passed" testListId="8c84fa94-04c1-424b-9868-57a2d4851a1d" relativeResultsDirectory="6c0c2dc1-2b8d-4899-a3a6-748f21a4b796" />
    <UnitTestResult executionId="fb520a42-a308-47ff-8fb0-0eede02c4545" testId="753161e6-30ee-d717-842d-f1ef24e107b9" testName="InnovationToImpact.Infrastructure.Tests.ApprovalServiceTests.OpenInstanceAsync_CalledTwiceForSameTriple_IsIdempotent" computerName="BUSHRA-ALGHAMDI" duration="00:00:00.2438015" startTime="2026-07-23T19:44:23.2200432+03:00" endTime="2026-07-23T19:44:23.2200433+03:00" testType="13cdc9d9-ddb5-4fa4-a97d-d965ccfc6d4b" outcome="Passed" testListId="8c84fa94-04c1-424b-9868-57a2d4851a1d" relativeResultsDirectory="fb520a42-a308-47ff-8fb0-0eede02c4545" />
    <UnitTestResult executionId="25e86506-b6fb-48bb-9957-d479c86f6a15" testId="64ed195b-7b82-9419-9501-067cdf09b869" testName="InnovationToImpact.Infrastructure.Tests.UserManagementServiceTests.GrantRoleAsync_AlreadyGranted_ReturnsAlreadyGranted" computerName="BUSHRA-ALGHAMDI" duration="00:00:00.3123946" startTime="2026-07-23T19:44:17.0484298+03:00" endTime="2026-07-23T19:44:17.0484303+03:00" testType="13cdc9d9-ddb5-4fa4-a97d-d965ccfc6d4b" outcome="Passed" testListId="8c84fa94-04c1-424b-9868-57a2d4851a1d" relativeResultsDirectory="25e86506-b6fb-48bb-9957-d479c86f6a15" />
    <UnitTestResult executionId="dd199ed9-bbb3-4ba8-9f32-26e46d1ed434" testId="5dfa9dba-c01e-ce94-6500-b55861166c3d" testName="InnovationToImpact.Infrastructure.Tests.CmsContentConfigurationTests.SavesDraftContentWithNullPublishedAt" computerName="BUSHRA-ALGHAMDI" duration="00:00:00.0128384" startTime="2026-07-23T19:44:12.9322844+03:00" endTime="2026-07-23T19:44:12.9322846+03:00" testType="13cdc9d9-ddb5-4fa4-a97d-d965ccfc6d4b" outcome="Passed" testListId="8c84fa94-04c1-424b-9868-57a2d4851a1d" relativeResultsDirectory="dd199ed9-bbb3-4ba8-9f32-26e46d1ed434" />
    <UnitTestResult executionId="ac9e2c29-4521-4b86-af4a-5f3a6e600acb" testId="ce2bd215-30f7-cb71-ffe6-2e9a7ae68c22" testName="InnovationToImpact.Infrastructure.Tests.ScaleDecisionTypeAndHandoverStatusTests.SeedsAllThreeScaleDecisionTypeCodes" computerName="BUSHRA-ALGHAMDI" duration="00:00:00.0072709" startTime="2026-07-23T19:44:23.8055063+03:00" endTime="2026-07-23T19:44:23.8055065+03:00" testType="13cdc9d9-ddb5-4fa4-a97d-d965ccfc6d4b" outcome="Passed" testListId="8c84fa94-04c1-424b-9868-57a2d4851a1d" relativeResultsDirectory="ac9e2c29-4521-4b86-af4a-5f3a6e600acb" />
    <UnitTestResult executionId="542ca131-fce5-4072-b6e5-be90c02c6be6" testId="89a37820-7ade-efd8-4886-4c880c0e8c09" testName="InnovationToImpact.Infrastructure.Tests.FinalRankingServiceTests.PreviewAsync_DoesNotPersistAnyChanges" computerName="BUSHRA-ALGHAMDI" duration="00:00:00.2984364" startTime="2026-07-23T19:44:22.2023904+03:00" endTime="2026-07-23T19:44:22.2023905+03:00" testType="13cdc9d9-ddb5-4fa4-a97d-d965ccfc6d4b" outcome="Passed" testListId="8c84fa94-04c1-424b-9868-57a2d4851a1d" relativeResultsDirectory="542ca131-fce5-4072-b6e5-be90c02c6be6" />
    <UnitTestResult executionId="20d11f19-c7a3-42c8-b116-7e5190099ebf" testId="e3b8412e-1511-e552-7793-686447933a5d" testName="InnovationToImpact.Infrastructure.Tests.EscalationServiceTests.OpenIfAbsentAsync_NoExistingEscalation_CreatesAtTier1WithOwner" computerName="BUSHRA-ALGHAMDI" duration="00:00:00.6025135" startTime="2026-07-23T19:44:15.7411100+03:00" endTime="2026-07-23T19:44:15.7411102+03:00" testType="13cdc9d9-ddb5-4fa4-a97d-d965ccfc6d4b" outcome="Passed" testListId="8c84fa94-04c1-424b-9868-57a2d4851a1d" relativeResultsDirectory="20d11f19-c7a3-42c8-b116-7e5190099ebf" />
    <UnitTestResult executionId="380a5b25-cd35-4594-90bd-f62cf048e79d" testId="37c22ca5-d77a-c093-d077-71299a155fbd" testName="InnovationToImpact.Infrastructure.Tests.EmailLookupTests.SeedsAllFiveEmailOutboxStatusCodes" computerName="BUSHRA-ALGHAMDI" duration="00:00:00.0057799" startTime="2026-07-23T19:44:12.4901491+03:00" endTime="2026-07-23T19:44:12.4901492+03:00" testType="13cdc9d9-ddb5-4fa4-a97d-d965ccfc6d4b" outcome="Passed" testListId="8c84fa94-04c1-424b-9868-57a2d4851a1d" relativeResultsDirectory="380a5b25-cd35-4594-90bd-f62cf048e79d" />
    <UnitTestResult executionId="8bf3c895-55e9-4f1c-90dd-b296bb039cfc" testId="12b75214-95e2-e5f9-d118-55d0c0655c39" testName="InnovationToImpact.Infrastructure.Tests.TrackAssignmentServiceTests.AssignAsync_Duplicate_ReturnsAlreadyAssigned" computerName="BUSHRA-ALGHAMDI" duration="00:00:00.3592229" startTime="2026-07-23T19:44:12.9484774+03:00" endTime="2026-07-23T19:44:12.9484777+03:00" testType="13cdc9d9-ddb5-4fa4-a97d-d965ccfc6d4b" outcome="Passed" testListId="8c84fa94-04c1-424b-9868-57a2d4851a1d" relativeResultsDirectory="8bf3c895-55e9-4f1c-90dd-b296bb039cfc" />
    <UnitTestResult executionId="9de1dda0-ae6a-435b-8e0e-f6683f23a188" testId="72f2a134-9dc0-c32c-2e01-3d33b080a209" testName="InnovationToImpact.Infrastructure.Tests.AnalyticsServiceTests.GetIdeasByStatusAsync_NoIdeas_AllElevenAtZero" computerName="BUSHRA-ALGHAMDI" duration="00:00:00.3214934" startTime="2026-07-23T19:44:21.0133495+03:00" endTime="2026-07-23T19:44:21.0133497+03:00" testType="13cdc9d9-ddb5-4fa4-a97d-d965ccfc6d4b" outcome="Passed" testListId="8c84fa94-04c1-424b-9868-57a2d4851a1d" relativeResultsDirectory="9de1dda0-ae6a-435b-8e0e-f6683f23a188" />
    <UnitTestResult executionId="21eb8aa3-f49c-48c4-a74a-984ca0da32e9" testId="1775f277-b6ac-cefb-3a73-13c3c7d5642e" testName="InnovationToImpact.Infrastructure.Tests.PostProgramServiceTests.GetPostProgramIdeas_ReturnsOnlyPostProgramStatuses" computerName="BUSHRA-ALGHAMDI" duration="00:00:00.2523252" startTime="2026-07-23T19:44:20.1574075+03:00" endTime="2026-07-23T19:44:20.1574076+03:00" testType="13cdc9d9-ddb5-4fa4-a97d-d965ccfc6d4b" outcome="Passed" testListId="8c84fa94-04c1-424b-9868-57a2d4851a1d" relativeResultsDirectory="21eb8aa3-f49c-48c4-a74a-984ca0da32e9" />
    <UnitTestResult executionId="2270147f-aea4-4c4d-8deb-1c1ebb7680bc" testId="425bf810-81cc-8ab5-68f0-d590042a3536" testName="InnovationToImpact.Infrastructure.Tests.FinalRankingServiceTests.RunAsync_SingleTrack_TopNApprovedRestNotSelected" computerName="BUSHRA-ALGHAMDI" duration="00:00:00.3153490" startTime="2026-07-23T19:44:21.8943681+03:00" endTime="2026-07-23T19:44:21.8943683+03:00" testType="13cdc9d9-ddb5-4fa4-a97d-d965ccfc6d4b" outcome="Passed" testListId="8c84fa94-04c1-424b-9868-57a2d4851a1d" relativeResultsDirectory="2270147f-aea4-4c4d-8deb-1c1ebb7680bc" />
    <UnitTestResult executionId="11ac1eca-68df-4681-bf85-37451f0de14b" testId="13aabeb5-60c0-9495-3570-c6c268f52c24" testName="InnovationToImpact.Infrastructure.Tests.EscalationServiceTests.GetAsync_UnknownId_ReturnsNull" computerName="BUSHRA-ALGHAMDI" duration="00:00:00.2092063" startTime="2026-07-23T19:44:20.2436624+03:00" endTime="2026-07-23T19:44:20.2436625+03:00" testType="13cdc9d9-ddb5-4fa4-a97d-d965ccfc6d4b" outcome="Passed" testListId="8c84fa94-04c1-424b-9868-57a2d4851a1d" relativeResultsDirectory="11ac1eca-68df-4681-bf85-37451f0de14b" />
    <UnitTestResult executionId="256602ea-4005-40f0-8417-4194438c4bc4" testId="e9c1eacf-2792-fe6a-c3c1-483d3920e82e" testName="InnovationToImpact.Infrastructure.Tests.NotificationsEmailMigrationTests.MigratedDatabaseContainsNotificationsEmailSeedData" computerName="BUSHRA-ALGHAMDI" duration="00:00:17.4937487" startTime="2026-07-23T19:44:10.8249487+03:00" endTime="2026-07-23T19:44:10.8249489+03:00" testType="13cdc9d9-ddb5-4fa4-a97d-d965ccfc6d4b" outcome="Failed" testListId="8c84fa94-04c1-424b-9868-57a2d4851a1d" relativeResultsDirectory="256602ea-4005-40f0-8417-4194438c4bc4">
      <Output>
        <ErrorInfo>
          <Message>Microsoft.Data.SqlClient.SqlException : A network-related or instance-specific error occurred while establishing a connection to SQL Server. The server was not found or was not accessible. Verify that the instance name is correct and that SQL Server is configured to allow remote connections. (provider: SQL Network Interfaces, error: 52 - Unable to locate a Local Database Runtime installation. Verify that SQL Server Express is properly installed and that the Local Database Runtime feature is enabled.)&#xD;
---- System.ComponentModel.Win32Exception : The system cannot find the file specified.</Message>
          <StackTrace>   at Microsoft.Data.ProviderBase.DbConnectionPool.TryGetConnection(DbConnection owningObject, UInt32 waitForMultipleObjectsTimeout, Boolean allowCreate, Boolean onlyOneCheckConnection, DbConnectionOptions userOptions, DbConnectionInternal&amp; connection)&#xD;
   at Microsoft.Data.ProviderBase.DbConnectionPool.TryGetConnection(DbConnection owningObject, TaskCompletionSource`1 retry, DbConnectionOptions userOptions, DbConnectionInternal&amp; connection)&#xD;
   at Microsoft.Data.ProviderBase.DbConnectionFactory.TryGetConnection(DbConnection owningConnection, TaskCompletionSource`1 retry, DbConnectionOptions userOptions, DbConnectionInternal oldConnection, DbConnectionInternal&amp; connection)&#xD;
   at Microsoft.Data.ProviderBase.DbConnectionInternal.TryOpenConnectionInternal(DbConnection outerConnection, DbConnectionFactory connectionFactory, TaskCompletionSource`1 retry, DbConnectionOptions userOptions)&#xD;
   at Microsoft.Data.ProviderBase.DbConnectionClosed.TryOpenConnection(DbConnection outerConnection, DbConnectionFactory connectionFactory, TaskCompletionSource`1 retry, DbConnectionOptions userOptions)&#xD;
   at Microsoft.Data.SqlClient.SqlConnection.TryOpen(TaskCompletionSource`1 retry, SqlConnectionOverrides overrides)&#xD;
   at Microsoft.Data.SqlClient.SqlConnection.Open(SqlConnectionOverrides overrides)&#xD;
   at Microsoft.EntityFrameworkCore.SqlServer.Storage.Internal.SqlServerConnection.OpenDbConnection(Boolean errorsExpected)&#xD;
   at Microsoft.EntityFrameworkCore.Storage.RelationalConnection.OpenInternal(Boolean errorsExpected)&#xD;
   at Microsoft.EntityFrameworkCore.Storage.RelationalConnection.Open(Boolean errorsExpected)&#xD;
   at Microsoft.EntityFrameworkCore.SqlServer.Storage.Internal.SqlServerDatabaseCreator.&lt;&gt;c__DisplayClass18_0.&lt;Exists&gt;b__0(DateTime giveUp)&#xD;
   at Microsoft.EntityFrameworkCore.ExecutionStrategyExtensions.&lt;&gt;c__DisplayClass12_0`2.&lt;Execute&gt;b__0(DbContext _, TState s)&#xD;
   at Microsoft.EntityFrameworkCore.SqlServer.Storage.Internal.SqlServerExecutionStrategy.Execute[TState,TResult](TState state, Func`3 operation, Func`3 verifySucceeded)&#xD;
   at Microsoft.EntityFrameworkCore.ExecutionStrategyExtensions.Execute[TState,TResult](IExecutionStrategy strategy, TState state, Func`2 operation, Func`2 verifySucceeded)&#xD;
   at Microsoft.EntityFrameworkCore.SqlServer.Storage.Internal.SqlServerDatabaseCreator.Exists(Boolean retryOnNotExists)&#xD;
   at Microsoft.EntityFrameworkCore.SqlServer.Storage.Internal.SqlServerDatabaseCreator.Exists()&#xD;
   at Microsoft.EntityFrameworkCore.Migrations.HistoryRepository.Exists()&#xD;
   at Microsoft.EntityFrameworkCore.Migrations.Internal.Migrator.Migrate(String targetMigration)&#xD;
   at Microsoft.EntityFrameworkCore.RelationalDatabaseFacadeExtensions.Migrate(DatabaseFacade databaseFacade)&#xD;
   at InnovationToImpact.Infrastructure.Tests.NotificationsEmailMigrationTests.MigratedDatabaseContainsNotificationsEmailSeedData() in C:\Users\Raid\Desktop\i2i\Version2\Innovation\Innovation\backend\tests\InnovationToImpact.Infrastructure.Tests\NotificationsEmailMigrationTests.cs:line 21&#xD;
   at System.RuntimeMethodHandle.InvokeMethod(Object target, Void** arguments, Signature sig, Boolean isConstructor)&#xD;
   at System.Reflection.MethodBaseInvoker.InvokeWithNoArgs(Object obj, BindingFlags invokeAttr)&#xD;
----- Inner Stack Trace -----&#xD;
</StackTrace>
        </ErrorInfo>
      </Output>
    </UnitTestResult>
    <UnitTestResult executionId="58f3f3cf-730b-4453-9f12-f65143f9e3ba" testId="cf8fb45a-97e4-f826-f2f1-3ebc7865c92b" testName="InnovationToImpact.Infrastructure.Tests.EscalationServiceTests.AcknowledgeAsync_OpenEscalation_TransitionsToAcknowledged" computerName="BUSHRA-ALGHAMDI" duration="00:00:00.3356140" startTime="2026-07-23T19:44:17.3659364+03:00" endTime="2026-07-23T19:44:17.3659364+03:00" testType="13cdc9d9-ddb5-4fa4-a97d-d965ccfc6d4b" outcome="Passed" testListId="8c84fa94-04c1-424b-9868-57a2d4851a1d" relativeResultsDirectory="58f3f3cf-730b-4453-9f12-f65143f9e3ba" />
    <UnitTestResult executionId="94a30902-f737-4af5-b810-b99fc415b46f" testId="084cf929-9e4a-9938-cfb1-7560c49ba4ec" testName="InnovationToImpact.Infrastructure.Tests.ChallengeServiceTests.ListActiveByThemeAsync_ExcludesInactiveAndOtherThemes" computerName="BUSHRA-ALGHAMDI" duration="00:00:00.4002712" startTime="2026-07-23T19:44:12.4407445+03:00" endTime="2026-07-23T19:44:12.4407445+03:00" testType="13cdc9d9-ddb5-4fa4-a97d-d965ccfc6d4b" outcome="Passed" testListId="8c84fa94-04c1-424b-9868-57a2d4851a1d" relativeResultsDirectory="94a30902-f737-4af5-b810-b99fc415b46f" />
    <UnitTestResult executionId="68f0174c-e676-414d-a597-ba44ba76f21e" testId="18397f6d-7c6c-65ce-abfa-5869fff240c4" testName="InnovationToImpact.Infrastructure.Tests.UserConfigurationTests.RejectsDuplicateSamAccountName" computerName="BUSHRA-ALGHAMDI" duration="00:00:00.0018042" startTime="2026-07-23T19:44:21.9294720+03:00" endTime="2026-07-23T19:44:21.9294720+03:00" testType="13cdc9d9-ddb5-4fa4-a97d-d965ccfc6d4b" outcome="Passed" testListId="8c84fa94-04c1-424b-9868-57a2d4851a1d" relativeResultsDirectory="68f0174c-e676-414d-a597-ba44ba76f21e" />
    <UnitTestResult executionId="bcd26e0f-1623-4bad-92ca-7918e827acd2" testId="661eedde-50cc-fcd0-9113-ba16632051a8" testName="InnovationToImpact.Infrastructure.Tests.IdeaServiceTests.AddAttachmentAsync_WhenSubmitted_ReturnsInvalidState" computerName="BUSHRA-ALGHAMDI" duration="00:00:00.3205180" startTime="2026-07-23T19:44:21.1292245+03:00" endTime="2026-07-23T19:44:21.1292246+03:00" testType="13cdc9d9-ddb5-4fa4-a97d-d965ccfc6d4b" outcome="Passed" testListId="8c84fa94-04c1-424b-9868-57a2d4851a1d" relativeResultsDirectory="bcd26e0f-1623-4bad-92ca-7918e827acd2" />
    <UnitTestResult executionId="0e0a7caa-679c-4965-bd45-83dc46cfb4f5" testId="e84d20a4-7795-3798-ab30-4cc5bdac93a5" testName="InnovationToImpact.Infrastructure.Tests.EscalationServiceTests.ResolveAsync_MissingResolutionText_ReturnsResolutionRequired" computerName="BUSHRA-ALGHAMDI" duration="00:00:00.4535288" startTime="2026-07-23T19:44:16.6174509+03:00" endTime="2026-07-23T19:44:16.6174511+03:00" testType="13cdc9d9-ddb5-4fa4-a97d-d965ccfc6d4b" outcome="Passed" testListId="8c84fa94-04c1-424b-9868-57a2d4851a1d" relativeResultsDirectory="0e0a7caa-679c-4965-bd45-83dc46cfb4f5" />
    <UnitTestResult executionId="095460c8-295f-4ef0-91f2-15cecd8a6792" testId="db3e1d2e-b483-95af-9840-ea76b372dbb0" testName="InnovationToImpact.Infrastructure.Tests.IdeaServiceTests.UpdateAsync_OnReturnedByOwner_UpdatesFields" computerName="BUSHRA-ALGHAMDI" duration="00:00:00.2535893" startTime="2026-07-23T19:44:20.5680580+03:00" endTime="2026-07-23T19:44:20.5680582+03:00" testType="13cdc9d9-ddb5-4fa4-a97d-d965ccfc6d4b" outcome="Passed" testListId="8c84fa94-04c1-424b-9868-57a2d4851a1d" relativeResultsDirectory="095460c8-295f-4ef0-91f2-15cecd8a6792" />
    <UnitTestResult executionId="66df771f-74e3-4023-b957-1d0d99893290" testId="178e521b-6579-8470-75dd-ffad31603874" testName="InnovationToImpact.Infrastructure.Tests.ApprovalServiceTests.RecordDecisionAsync_Reject_ClosesInstanceImmediately" computerName="BUSHRA-ALGHAMDI" duration="00:00:00.3236496" startTime="2026-07-23T19:44:23.5380554+03:00" endTime="2026-07-23T19:44:23.5380555+03:00" testType="13cdc9d9-ddb5-4fa4-a97d-d965ccfc6d4b" outcome="Passed" testListId="8c84fa94-04c1-424b-9868-57a2d4851a1d" relativeResultsDirectory="66df771f-74e3-4023-b957-1d0d99893290" />
    <UnitTestResult executionId="020ab8c1-dc6b-4bd0-ab49-adc35b0467dc" testId="de759a71-57a3-cada-2944-bace97686a5c" testName="InnovationToImpact.Infrastructure.Tests.EvidenceAttachmentConfigurationTests.RejectsUploaderIdThatDoesNotExist" computerName="BUSHRA-ALGHAMDI" duration="00:00:00.0021733" startTime="2026-07-23T19:44:15.4015327+03:00" endTime="2026-07-23T19:44:15.4015327+03:00" testType="13cdc9d9-ddb5-4fa4-a97d-d965ccfc6d4b" outcome="Passed" testListId="8c84fa94-04c1-424b-9868-57a2d4851a1d" relativeResultsDirectory="020ab8c1-dc6b-4bd0-ab49-adc35b0467dc" />
    <UnitTestResult executionId="54f1879b-019f-48c9-b139-0ae8d96b917b" testId="7641531a-d123-b37d-894d-c109bf04af4f" testName="InnovationToImpact.Infrastructure.Tests.AuditLogWriterTests.SecondAppend_ChainsFromFirstsRowHash" computerName="BUSHRA-ALGHAMDI" duration="00:00:00.4482980" startTime="2026-07-23T19:44:11.2394373+03:00" endTime="2026-07-23T19:44:11.2394376+03:00" testType="13cdc9d9-ddb5-4fa4-a97d-d965ccfc6d4b" outcome="Passed" testListId="8c84fa94-04c1-424b-9868-57a2d4851a1d" relativeResultsDirectory="54f1879b-019f-48c9-b139-0ae8d96b917b" />
    <UnitTestResult executionId="6cdfc640-3194-454f-aad4-dde7664d4150" testId="9d44be86-44ab-ae91-3eb3-687680376839" testName="InnovationToImpact.Infrastructure.Tests.IdeaServiceTests.SubmitAsync_FromReturned_TransitionsToSubmitted" computerName="BUSHRA-ALGHAMDI" duration="00:00:00.1006375" startTime="2026-07-23T19:44:10.5681137+03:00" endTime="2026-07-23T19:44:10.5681140+03:00" testType="13cdc9d9-ddb5-4fa4-a97d-d965ccfc6d4b" outcome="Passed" testListId="8c84fa94-04c1-424b-9868-57a2d4851a1d" relativeResultsDirectory="6cdfc640-3194-454f-aad4-dde7664d4150" />
    <UnitTestResult executionId="9b7f0bc1-870b-4a54-9a52-ca7982a7aa4d" testId="3f0b132c-0355-3246-ee25-bb12d029b845" testName="InnovationToImpact.Infrastructure.Tests.SlaScannerTests.RowPastTargetAt_IsNewlyBreached" computerName="BUSHRA-ALGHAMDI" duration="00:00:00.2831131" startTime="2026-07-23T19:44:21.1243856+03:00" endTime="2026-07-23T19:44:21.1243857+03:00" testType="13cdc9d9-ddb5-4fa4-a97d-d965ccfc6d4b" outcome="Passed" testListId="8c84fa94-04c1-424b-9868-57a2d4851a1d" relativeResultsDirectory="9b7f0bc1-870b-4a54-9a52-ca7982a7aa4d" />
    <UnitTestResult executionId="afb624ff-c2fe-435f-af18-545934ea2b3b" testId="fb3e91c1-d2e3-379e-2ba4-089cdf9e9c97" testName="InnovationToImpact.Infrastructure.Tests.ScreeningServiceTests.SubmitDecisionAsync_Reject_WithReason_TransitionsToRejectedAndStoresReason" computerName="BUSHRA-ALGHAMDI" duration="00:00:00.3886224" startTime="2026-07-23T19:44:00.1453584+03:00" endTime="2026-07-23T19:44:00.1453587+03:00" testType="13cdc9d9-ddb5-4fa4-a97d-d965ccfc6d4b" outcome="Passed" testListId="8c84fa94-04c1-424b-9868-57a2d4851a1d" relativeResultsDirectory="afb624ff-c2fe-435f-af18-545934ea2b3b" />
    <UnitTestResult executionId="36239699-22fb-4b3d-9dfa-61961767ee3a" testId="79906e47-7d88-cbc8-ed2c-e4db1e82741e" testName="InnovationToImpact.Infrastructure.Tests.RosterServiceTests.GetRoleDetailAsync_RoleWithNoMembersOrInvitations_ReturnsEmptyListsNotNull" computerName="BUSHRA-ALGHAMDI" duration="00:00:00.2620534" startTime="2026-07-23T19:44:02.7205697+03:00" endTime="2026-07-23T19:44:02.7205699+03:00" testType="13cdc9d9-ddb5-4fa4-a97d-d965ccfc6d4b" outcome="Passed" testListId="8c84fa94-04c1-424b-9868-57a2d4851a1d" relativeResultsDirectory="36239699-22fb-4b3d-9dfa-61961767ee3a" />
    <UnitTestResult executionId="9f4a82c1-c0f4-4120-a22d-2445628b7c6a" testId="a000d4df-2930-88d6-6119-7db735de234a" testName="InnovationToImpact.Infrastructure.Tests.PostProgramServiceTests.Advance_FromTerminalInScaling_AnyTarget_IsInvalidTransition(target: &quot;in_measurement&quot;)" computerName="BUSHRA-ALGHAMDI" duration="00:00:00.2111447" startTime="2026-07-23T19:44:19.9049760+03:00" endTime="2026-07-23T19:44:19.9049761+03:00" testType="13cdc9d9-ddb5-4fa4-a97d-d965ccfc6d4b" outcome="Passed" testListId="8c84fa94-04c1-424b-9868-57a2d4851a1d" relativeResultsDirectory="9f4a82c1-c0f4-4120-a22d-2445628b7c6a" />
    <UnitTestResult executionId="7f2357fc-62bd-4fd0-bdc0-b9da541eb813" testId="679603ed-1a06-d5ac-4849-c356569b239d" testName="InnovationToImpact.Infrastructure.Tests.ApprovalLookupTests.RejectsDuplicateApprovalDecisionTypeCode" computerName="BUSHRA-ALGHAMDI" duration="00:00:00.0018783" startTime="2026-07-23T19:44:14.5074086+03:00" endTime="2026-07-23T19:44:14.5074089+03:00" testType="13cdc9d9-ddb5-4fa4-a97d-d965ccfc6d4b" outcome="Passed" testListId="8c84fa94-04c1-424b-9868-57a2d4851a1d" relativeResultsDirectory="7f2357fc-62bd-4fd0-bdc0-b9da541eb813" />
    <UnitTestResult executionId="7a97af05-212c-46eb-9971-063f996340ea" testId="b0debc0f-5988-c919-e6d0-3900e2de73da" testName="InnovationToImpact.Infrastructure.Tests.AuditHashComputerTests.IsDeterministicForIdenticalInput" computerName="BUSHRA-ALGHAMDI" duration="00:00:00.0006223" startTime="2026-07-23T19:44:16.9277038+03:00" endTime="2026-07-23T19:44:16.9277039+03:00" testType="13cdc9d9-ddb5-4fa4-a97d-d965ccfc6d4b" outcome="Passed" testListId="8c84fa94-04c1-424b-9868-57a2d4851a1d" relativeResultsDirectory="7a97af05-212c-46eb-9971-063f996340ea" />
    <UnitTestResult executionId="a9172c40-2bf0-4f64-ad9b-9fe23ca4c2c2" testId="1a94a163-c6a2-9114-a891-41a4f5c735cd" testName="InnovationToImpact.Infrastructure.Tests.IdeaServiceTests.CreateAsync_CreatesDraftIdeaWithSequentialCode" computerName="BUSHRA-ALGHAMDI" duration="00:00:00.2403335" startTime="2026-07-23T19:44:20.8276684+03:00" endTime="2026-07-23T19:44:20.8276685+03:00" testType="13cdc9d9-ddb5-4fa4-a97d-d965ccfc6d4b" outcome="Passed" testListId="8c84fa94-04c1-424b-9868-57a2d4851a1d" relativeResultsDirectory="a9172c40-2bf0-4f64-ad9b-9fe23ca4c2c2" />
    <UnitTestResult executionId="7420469b-96c3-41a8-8193-b9481930203e" testId="be5cf02f-92d0-daba-1d19-3fa714d70869" testName="InnovationToImpact.Infrastructure.Tests.EscalationConfigurationTests.AllowsNullOwnerForAnUnassignedEscalation" computerName="BUSHRA-ALGHAMDI" duration="00:00:00.0128463" startTime="2026-07-23T19:44:14.8524454+03:00" endTime="2026-07-23T19:44:14.8524454+03:00" testType="13cdc9d9-ddb5-4fa4-a97d-d965ccfc6d4b" outcome="Passed" testListId="8c84fa94-04c1-424b-9868-57a2d4851a1d" relativeResultsDirectory="7420469b-96c3-41a8-8193-b9481930203e" />
    <UnitTestResult executionId="2c485c7e-30fc-404d-b962-52fa6d0256bf" testId="ded94527-3d61-56c2-ad68-0e4dff68fa63" testName="InnovationToImpact.Infrastructure.Tests.AssignmentServiceTests.UpdateAsync_NotFound_ReturnsNotFound" computerName="BUSHRA-ALGHAMDI" duration="00:00:00.1896423" startTime="2026-07-23T19:44:08.3313596+03:00" endTime="2026-07-23T19:44:08.3313597+03:00" testType="13cdc9d9-ddb5-4fa4-a97d-d965ccfc6d4b" outcome="Passed" testListId="8c84fa94-04c1-424b-9868-57a2d4851a1d" relativeResultsDirectory="2c485c7e-30fc-404d-b962-52fa6d0256bf" />
    <UnitTestResult executionId="8b7d8eb6-0fba-45ac-bb97-69ecc39410cd" testId="472eb954-4942-4ff2-65be-6c24f653060c" testName="InnovationToImpact.Infrastructure.Tests.StrategicThemeServiceTests.DeleteAsync_ThemeReferencedByAnIdea_ReturnsInUse" computerName="BUSHRA-ALGHAMDI" duration="00:00:00.2633646" startTime="2026-07-23T19:44:17.5595135+03:00" endTime="2026-07-23T19:44:17.5595136+03:00" testType="13cdc9d9-ddb5-4fa4-a97d-d965ccfc6d4b" outcome="Passed" testListId="8c84fa94-04c1-424b-9868-57a2d4851a1d" relativeResultsDirectory="8b7d8eb6-0fba-45ac-bb97-69ecc39410cd" />
    <UnitTestResult executionId="fc99eae0-b42a-4a88-bbb7-29f522265161" testId="aa544763-fec4-47ca-f9ef-6efc2692df4e" testName="InnovationToImpact.Infrastructure.Tests.SlaScannerTests.RowWithinWarnThreshold_IsApproachingBreach_NoMutation" computerName="BUSHRA-ALGHAMDI" duration="00:00:00.2438754" startTime="2026-07-23T19:44:20.5816613+03:00" endTime="2026-07-23T19:44:20.5816615+03:00" testType="13cdc9d9-ddb5-4fa4-a97d-d965ccfc6d4b" outcome="Passed" testListId="8c84fa94-04c1-424b-9868-57a2d4851a1d" relativeResultsDirectory="fc99eae0-b42a-4a88-bbb7-29f522265161" />
    <UnitTestResult executionId="d27455ac-98e4-4e7c-b83b-faaba9c4307d" testId="2259d029-278f-850f-6905-9ed0d16fb3ea" testName="InnovationToImpact.Infrastructure.Tests.RoleInvitationReminderProcessorTests.ProcessAsync_SettingsDisabled_StillExpiresButSkipsReminders" computerName="BUSHRA-ALGHAMDI" duration="00:00:00.5247130" startTime="2026-07-23T19:44:16.5895131+03:00" endTime="2026-07-23T19:44:16.5895132+03:00" testType="13cdc9d9-ddb5-4fa4-a97d-d965ccfc6d4b" outcome="Passed" testListId="8c84fa94-04c1-424b-9868-57a2d4851a1d" relativeResultsDirectory="d27455ac-98e4-4e7c-b83b-faaba9c4307d" />
    <UnitTestResult executionId="a516ee39-dece-46b8-8014-f89fdcf6f31a" testId="12601084-1450-14b3-f231-1a66ee085c8d" testName="InnovationToImpact.Infrastructure.Tests.EmailTemplateServiceTests.ListAsync_ReturnsAllFourSeededTemplates" computerName="BUSHRA-ALGHAMDI" duration="00:00:00.2606945" startTime="2026-07-23T19:44:22.1170990+03:00" endTime="2026-07-23T19:44:22.1170991+03:00" testType="13cdc9d9-ddb5-4fa4-a97d-d965ccfc6d4b" outcome="Passed" testListId="8c84fa94-04c1-424b-9868-57a2d4851a1d" relativeResultsDirectory="a516ee39-dece-46b8-8014-f89fdcf6f31a" />
    <UnitTestResult executionId="6aa10fd5-b5ce-4e6f-aa6c-09cc5e19fcac" testId="e0623586-5997-715d-c166-ff5ddbaa1281" testName="InnovationToImpact.Infrastructure.Tests.UserBadgeConfigurationTests.RejectsDuplicateBadgeAwardForSameUser" computerName="BUSHRA-ALGHAMDI" duration="00:00:00.0674328" startTime="2026-07-23T19:44:24.1448569+03:00" endTime="2026-07-23T19:44:24.1448570+03:00" testType="13cdc9d9-ddb5-4fa4-a97d-d965ccfc6d4b" outcome="Passed" testListId="8c84fa94-04c1-424b-9868-57a2d4851a1d" relativeResultsDirectory="6aa10fd5-b5ce-4e6f-aa6c-09cc5e19fcac" />
    <UnitTestResult executionId="21dcafe1-41b5-4ed6-91b0-e6e94d5861c0" testId="bc047ca4-0059-6796-5ed8-97267239c5dd" testName="InnovationToImpact.Infrastructure.Tests.EvaluationConfigurationTests.RejectsDuplicateEvaluationForSameIdeaAndEvaluator" computerName="BUSHRA-ALGHAMDI" duration="00:00:00.0858417" startTime="2026-07-23T19:44:12.1400299+03:00" endTime="2026-07-23T19:44:12.1400302+03:00" testType="13cdc9d9-ddb5-4fa4-a97d-d965ccfc6d4b" outcome="Passed" testListId="8c84fa94-04c1-424b-9868-57a2d4851a1d" relativeResultsDirectory="21dcafe1-41b5-4ed6-91b0-e6e94d5861c0" />
    <UnitTestResult executionId="40497f09-df3b-4588-ac1e-68eae9ede791" testId="f1645046-73fa-7512-b79b-a359eb146e42" testName="InnovationToImpact.Infrastructure.Tests.EscalationServiceTests.ResolveAsync_OpenEscalation_TransitionsToResolvedAndStoresResolution" computerName="BUSHRA-ALGHAMDI" duration="00:00:00.2769201" startTime="2026-07-23T19:44:19.5970756+03:00" endTime="2026-07-23T19:44:19.5970756+03:00" testType="13cdc9d9-ddb5-4fa4-a97d-d965ccfc6d4b" outcome="Passed" testListId="8c84fa94-04c1-424b-9868-57a2d4851a1d" relativeResultsDirectory="40497f09-df3b-4588-ac1e-68eae9ede791" />
    <UnitTestResult executionId="bc9b0f8c-73f7-4bcc-a9a2-2e8a49e71e75" testId="19c78d05-7078-117f-1130-11c3be94233b" testName="InnovationToImpact.Infrastructure.Tests.ReportGenerationConfigurationTests.RejectsReportTitleIdThatDoesNotExist" computerName="BUSHRA-ALGHAMDI" duration="00:00:00.0064195" startTime="2026-07-23T19:44:22.8369373+03:00" endTime="2026-07-23T19:44:22.8369375+03:00" testType="13cdc9d9-ddb5-4fa4-a97d-d965ccfc6d4b" outcome="Passed" testListId="8c84fa94-04c1-424b-9868-57a2d4851a1d" relativeResultsDirectory="bc9b0f8c-73f7-4bcc-a9a2-2e8a49e71e75" />
    <UnitTestResult executionId="75b6e8ab-d9a8-4df3-96ad-e40335733b56" testId="595850e9-e9ab-a91e-6131-cd930f9ad6d9" testName="InnovationToImpact.Infrastructure.Tests.ScreeningServiceTests.SubmitDecisionAsync_InvalidDecisionCode_ReturnsInvalidDecision" computerName="BUSHRA-ALGHAMDI" duration="00:00:00.3120408" startTime="2026-07-23T19:44:03.3183966+03:00" endTime="2026-07-23T19:44:03.3183968+03:00" testType="13cdc9d9-ddb5-4fa4-a97d-d965ccfc6d4b" outcome="Passed" testListId="8c84fa94-04c1-424b-9868-57a2d4851a1d" relativeResultsDirectory="75b6e8ab-d9a8-4df3-96ad-e40335733b56" />
    <UnitTestResult executionId="1d27250a-2dba-47f6-b48a-648c777938ba" testId="30e8f748-9a2d-4f30-099d-8bdf60b12a81" testName="InnovationToImpact.Infrastructure.Tests.TeamInvitationConfigurationTests.RejectsDuplicateToken" computerName="BUSHRA-ALGHAMDI" duration="00:00:00.0913530" startTime="2026-07-23T19:44:11.7372670+03:00" endTime="2026-07-23T19:44:11.7372671+03:00" testType="13cdc9d9-ddb5-4fa4-a97d-d965ccfc6d4b" outcome="Passed" testListId="8c84fa94-04c1-424b-9868-57a2d4851a1d" relativeResultsDirectory="1d27250a-2dba-47f6-b48a-648c777938ba" />
    <UnitTestResult executionId="fb6726ca-7107-4b35-8bc5-1f33f632341d" testId="dc7cdf4a-6871-fd66-a258-722d44218d34" testName="InnovationToImpact.Infrastructure.Tests.ReportGenerationServiceTests.GeneratesAnalyticsReport_UpdatesStatusToCompleted_LinksToAnalyticsExportReportTitle_WritesMultiSheetXlsx" computerName="BUSHRA-ALGHAMDI" duration="00:00:00.6613312" startTime="2026-07-23T19:44:13.8574657+03:00" endTime="2026-07-23T19:44:13.8574658+03:00" testType="13cdc9d9-ddb5-4fa4-a97d-d965ccfc6d4b" outcome="Passed" testListId="8c84fa94-04c1-424b-9868-57a2d4851a1d" relativeResultsDirectory="fb6726ca-7107-4b35-8bc5-1f33f632341d" />
    <UnitTestResult executionId="bd422609-cf17-4702-b644-61d02ac0d788" testId="fc9ecd44-6919-c000-d740-d6b81e189dee" testName="InnovationToImpact.Infrastructure.Tests.ChallengeConfigurationTests.SaveChanges_PersistsIdeaTeamMembersLinkedToIdea" computerName="BUSHRA-ALGHAMDI" duration="00:00:00.3020459" startTime="2026-07-23T19:44:20.9665855+03:00" endTime="2026-07-23T19:44:20.9665856+03:00" testType="13cdc9d9-ddb5-4fa4-a97d-d965ccfc6d4b" outcome="Passed" testListId="8c84fa94-04c1-424b-9868-57a2d4851a1d" relativeResultsDirectory="bd422609-cf17-4702-b644-61d02ac0d788" />
    <UnitTestResult executionId="d87d9540-bb17-4235-8b4f-3f9ba9a956f7" testId="75a6dcdd-1c65-4f3a-8ea1-3e30e35a5365" testName="InnovationToImpact.Infrastructure.Tests.IdeaServiceTests.CreateAsync_ThemeHasActiveChallengeButNoneSelected_ReturnsInvalidChallenge" computerName="BUSHRA-ALGHAMDI" duration="00:00:00.3620968" startTime="2026-07-23T19:44:14.7113852+03:00" endTime="2026-07-23T19:44:14.7113853+03:00" testType="13cdc9d9-ddb5-4fa4-a97d-d965ccfc6d4b" outcome="Passed" testListId="8c84fa94-04c1-424b-9868-57a2d4851a1d" relativeResultsDirectory="d87d9540-bb17-4235-8b4f-3f9ba9a956f7" />
    <UnitTestResult executionId="9d954514-f152-4c05-b850-b0a1931c2013" testId="ab4ebd28-17f0-2c1c-4445-104e2068dbdb" testName="InnovationToImpact.Infrastructure.Tests.AuditLogConfigurationTests.SavesChainedEntryAndAllowsNullActorForSystemEvents" computerName="BUSHRA-ALGHAMDI" duration="00:00:00.0202366" startTime="2026-07-23T19:44:25.1772758+03:00" endTime="2026-07-23T19:44:25.1772760+03:00" testType="13cdc9d9-ddb5-4fa4-a97d-d965ccfc6d4b" outcome="Passed" testListId="8c84fa94-04c1-424b-9868-57a2d4851a1d" relativeResultsDirectory="9d954514-f152-4c05-b850-b0a1931c2013" />
    <UnitTestResult executionId="a746b608-cbed-4d3f-b49b-281368912202" testId="f3dae235-39cc-0e38-b0bd-1101bb304113" testName="InnovationToImpact.Infrastructure.Tests.AnalyticsServiceTests.GetIdeasByStatusAsync_ReturnsElevenReachableCodesZeroFilled" computerName="BUSHRA-ALGHAMDI" duration="00:00:00.2036543" startTime="2026-07-23T19:44:23.0246711+03:00" endTime="2026-07-23T19:44:23.0246712+03:00" testType="13cdc9d9-ddb5-4fa4-a97d-d965ccfc6d4b" outcome="Passed" testListId="8c84fa94-04c1-424b-9868-57a2d4851a1d" relativeResultsDirectory="a746b608-cbed-4d3f-b49b-281368912202" />
    <UnitTestResult executionId="35659ecd-b8f5-4ba7-a8a5-05ad19b6e667" testId="bade71d2-276b-4912-228b-55d57878cb27" testName="InnovationToImpact.Infrastructure.Tests.AssignmentServiceTests.ListIdeaOptionsAsync_ReturnsAllIdeasRegardlessOfStatus" computerName="BUSHRA-ALGHAMDI" duration="00:00:00.1025476" startTime="2026-07-23T19:44:09.4704131+03:00" endTime="2026-07-23T19:44:09.4704132+03:00" testType="13cdc9d9-ddb5-4fa4-a97d-d965ccfc6d4b" outcome="Passed" testListId="8c84fa94-04c1-424b-9868-57a2d4851a1d" relativeResultsDirectory="35659ecd-b8f5-4ba7-a8a5-05ad19b6e667" />
    <UnitTestResult executionId="f42d4393-a212-43b3-97ae-e5d6638d4c8f" testId="5b1e385f-3a5a-54f3-a745-feb12718ba90" testName="InnovationToImpact.Infrastructure.Tests.IdeaServiceTests.CreateAsync_WithNonexistentStrategicTheme_ReturnsInvalidStrategicTheme" computerName="BUSHRA-ALGHAMDI" duration="00:00:00.3967962" startTime="2026-07-23T19:44:16.9908445+03:00" endTime="2026-07-23T19:44:16.9908446+03:00" testType="13cdc9d9-ddb5-4fa4-a97d-d965ccfc6d4b" outcome="Passed" testListId="8c84fa94-04c1-424b-9868-57a2d4851a1d" relativeResultsDirectory="f42d4393-a212-43b3-97ae-e5d6638d4c8f" />
    <UnitTestResult executionId="ad49d9c3-5bf3-40d7-9e6e-09b1f6b28bee" testId="8de5ad15-bebb-abf4-25d8-7c1bc0899b70" testName="InnovationToImpact.Infrastructure.Tests.CmsServiceTests.UpdateStringAsync_UnknownId_ReturnsNotFound" computerName="BUSHRA-ALGHAMDI" duration="00:00:00.2598948" startTime="2026-07-23T19:44:19.4109069+03:00" endTime="2026-07-23T19:44:19.4109072+03:00" testType="13cdc9d9-ddb5-4fa4-a97d-d965ccfc6d4b" outcome="Passed" testListId="8c84fa94-04c1-424b-9868-57a2d4851a1d" relativeResultsDirectory="ad49d9c3-5bf3-40d7-9e6e-09b1f6b28bee" />
    <UnitTestResult executionId="e93371ac-38be-4e3e-8aaa-8fc642a5c38f" testId="0fd743b0-c05b-3ac3-3320-c11980b31800" testName="InnovationToImpact.Infrastructure.Tests.StrategicThemeAndActivityTests.SavesStrategicThemeOwnedByAUser" computerName="BUSHRA-ALGHAMDI" duration="00:00:00.0045439" startTime="2026-07-23T19:44:09.6048436+03:00" endTime="2026-07-23T19:44:09.6048437+03:00" testType="13cdc9d9-ddb5-4fa4-a97d-d965ccfc6d4b" outcome="Passed" testListId="8c84fa94-04c1-424b-9868-57a2d4851a1d" relativeResultsDirectory="e93371ac-38be-4e3e-8aaa-8fc642a5c38f" />
    <UnitTestResult executionId="e17c91cf-8a81-401e-bf43-1c29aa222293" testId="908e41e7-71bb-51d6-a534-4cb56fb6a641" testName="InnovationToImpact.Infrastructure.Tests.CommitteeDecisionConfigurationTests.AllowsNullDecidedByForAPendingDecision" computerName="BUSHRA-ALGHAMDI" duration="00:00:00.0205019" startTime="2026-07-23T19:44:24.3388769+03:00" endTime="2026-07-23T19:44:24.3388770+03:00" testType="13cdc9d9-ddb5-4fa4-a97d-d965ccfc6d4b" outcome="Passed" testListId="8c84fa94-04c1-424b-9868-57a2d4851a1d" relativeResultsDirectory="e17c91cf-8a81-401e-bf43-1c29aa222293" />
    <UnitTestResult executionId="9dac6ad1-c3d1-4da9-a277-217af263258f" testId="6059cdb8-6978-05cf-94ae-01e76a0409ae" testName="InnovationToImpact.Infrastructure.Tests.UserBadgeConfigurationTests.SavesAwardAndCascadesWhenUserIsDeleted" computerName="BUSHRA-ALGHAMDI" duration="00:00:00.0286959" startTime="2026-07-23T19:44:24.1735856+03:00" endTime="2026-07-23T19:44:24.1735858+03:00" testType="13cdc9d9-ddb5-4fa4-a97d-d965ccfc6d4b" outcome="Passed" testListId="8c84fa94-04c1-424b-9868-57a2d4851a1d" relativeResultsDirectory="9dac6ad1-c3d1-4da9-a277-217af263258f" />
    <UnitTestResult executionId="1ed0c845-b2c6-4552-8382-b363c5c581c4" testId="84c73a49-60b4-81c0-c53f-507e413af727" testName="InnovationToImpact.Infrastructure.Tests.EvaluationServiceTests.SubmitAsync_ScoreOutOfRange_ReturnsInvalidScore" computerName="BUSHRA-ALGHAMDI" duration="00:00:00.5341020" startTime="2026-07-23T19:44:14.8201211+03:00" endTime="2026-07-23T19:44:14.8201214+03:00" testType="13cdc9d9-ddb5-4fa4-a97d-d965ccfc6d4b" outcome="Passed" testListId="8c84fa94-04c1-424b-9868-57a2d4851a1d" relativeResultsDirectory="1ed0c845-b2c6-4552-8382-b363c5c581c4" />
    <UnitTestResult executionId="7a9d25a7-0049-444a-a0a3-12998290f68c" testId="6e99e443-53b1-8506-0484-afaf2ee7a8c7" testName="InnovationToImpact.Infrastructure.Tests.IdeaJourneyCalculatorTests.Draft_SitsAtSubmission" computerName="BUSHRA-ALGHAMDI" duration="00:00:00.0003325" startTime="2026-07-23T19:44:25.1256911+03:00" endTime="2026-07-23T19:44:25.1256912+03:00" testType="13cdc9d9-ddb5-4fa4-a97d-d965ccfc6d4b" outcome="Passed" testListId="8c84fa94-04c1-424b-9868-57a2d4851a1d" relativeResultsDirectory="7a9d25a7-0049-444a-a0a3-12998290f68c" />
    <UnitTestResult executionId="e77488bd-583e-4f75-a3b4-38a83296203a" testId="2923c376-c6f4-a0fe-05dc-7ef7510ca9b8" testName="InnovationToImpact.Infrastructure.Tests.ChallengeServiceTests.CreateAsync_ValidInput_PersistsChallenge" computerName="BUSHRA-ALGHAMDI" duration="00:00:00.4307638" startTime="2026-07-23T19:44:12.8748435+03:00" endTime="2026-07-23T19:44:12.8748436+03:00" testType="13cdc9d9-ddb5-4fa4-a97d-d965ccfc6d4b" outcome="Passed" testListId="8c84fa94-04c1-424b-9868-57a2d4851a1d" relativeResultsDirectory="e77488bd-583e-4f75-a3b4-38a83296203a" />
    <UnitTestResult executionId="cc22a25f-d762-4146-b174-efe614e8a9d6" testId="8912561b-bcc2-ac3c-fb82-93a2efe50896" testName="InnovationToImpact.Infrastructure.Tests.IpKnowledgeLookupTests.SeedsAllFourIpTypeCodes" computerName="BUSHRA-ALGHAMDI" duration="00:00:00.0026608" startTime="2026-07-23T19:44:23.5680364+03:00" endTime="2026-07-23T19:44:23.5680366+03:00" testType="13cdc9d9-ddb5-4fa4-a97d-d965ccfc6d4b" outcome="Passed" testListId="8c84fa94-04c1-424b-9868-57a2d4851a1d" relativeResultsDirectory="cc22a25f-d762-4146-b174-efe614e8a9d6" />
    <UnitTestResult executionId="1f3de824-de6f-484b-8117-955f81e03af9" testId="a23d4217-4454-a3ef-ff94-2b0159d67952" testName="InnovationToImpact.Infrastructure.Tests.ContentStringConfigurationTests.SavesStringOverrideForAUniqueKey" computerName="BUSHRA-ALGHAMDI" duration="00:00:00.0139660" startTime="2026-07-23T19:44:13.7189727+03:00" endTime="2026-07-23T19:44:13.7189728+03:00" testType="13cdc9d9-ddb5-4fa4-a97d-d965ccfc6d4b" outcome="Passed" testListId="8c84fa94-04c1-424b-9868-57a2d4851a1d" relativeResultsDirectory="1f3de824-de6f-484b-8117-955f81e03af9" />
    <UnitTestResult executionId="71399fa1-cbb9-4b4c-a6e4-5bd699cf11a8" testId="f20ef564-6588-d7f8-fa4c-61308ed3611a" testName="InnovationToImpact.Infrastructure.Tests.CmsServiceTests.CreateContentAsync_NewSlug_CreatesAndAppendsAuditEntry" computerName="BUSHRA-ALGHAMDI" duration="00:00:00.2138433" startTime="2026-07-23T19:44:23.0614701+03:00" endTime="2026-07-23T19:44:23.0614702+03:00" testType="13cdc9d9-ddb5-4fa4-a97d-d965ccfc6d4b" outcome="Passed" testListId="8c84fa94-04c1-424b-9868-57a2d4851a1d" relativeResultsDirectory="71399fa1-cbb9-4b4c-a6e4-5bd699cf11a8" />
    <UnitTestResult executionId="a8fa9699-4185-4508-86b3-57a75043c434" testId="8bdfcbd1-d061-1b49-dfb7-5c13c3977ef5" testName="InnovationToImpact.Infrastructure.Tests.IdeaJourneyCalculatorTests.NotSelected_Stage5Stopped" computerName="BUSHRA-ALGHAMDI" duration="00:00:00.0003412" startTime="2026-07-23T19:44:25.1248673+03:00" endTime="2026-07-23T19:44:25.1248674+03:00" testType="13cdc9d9-ddb5-4fa4-a97d-d965ccfc6d4b" outcome="Passed" testListId="8c84fa94-04c1-424b-9868-57a2d4851a1d" relativeResultsDirectory="a8fa9699-4185-4508-86b3-57a75043c434" />
    <UnitTestResult executionId="80570dfd-af16-4ad2-aa7d-121f19130b19" testId="2eb74f23-f7f8-cf95-cdb3-88d46810b50b" testName="InnovationToImpact.Infrastructure.Tests.EvaluationSettingsServiceTests.FreshDatabase_SeedsPassThresholdAtSixDefault" computerName="BUSHRA-ALGHAMDI" duration="00:00:00.2334755" startTime="2026-07-23T19:44:05.6814153+03:00" endTime="2026-07-23T19:44:05.6814156+03:00" testType="13cdc9d9-ddb5-4fa4-a97d-d965ccfc6d4b" outcome="Passed" testListId="8c84fa94-04c1-424b-9868-57a2d4851a1d" relativeResultsDirectory="80570dfd-af16-4ad2-aa7d-121f19130b19" />
    <UnitTestResult executionId="c16f8fcb-01b6-452d-bb19-40a7836d1559" testId="8607c07e-e891-4fd0-7fbf-d7fa549e10a0" testName="InnovationToImpact.Infrastructure.Tests.EmailOutboxProcessorTests.OnlyProcessesRowsWithPendingStatus" computerName="BUSHRA-ALGHAMDI" duration="00:00:00.1810894" startTime="2026-07-23T19:44:20.6781193+03:00" endTime="2026-07-23T19:44:20.6781194+03:00" testType="13cdc9d9-ddb5-4fa4-a97d-d965ccfc6d4b" outcome="Passed" testListId="8c84fa94-04c1-424b-9868-57a2d4851a1d" relativeResultsDirectory="c16f8fcb-01b6-452d-bb19-40a7836d1559" />
    <UnitTestResult executionId="751f41a2-ac02-4351-9bd2-8a0642ff80bc" testId="3291ebda-8f90-1ab7-6687-3feb65d4e614" testName="InnovationToImpact.Infrastructure.Tests.ReportGenerationServiceTests.GeneratesIdeasReport_UpdatesStatusToCompleted_LinksToIdeasExportReportTitle" computerName="BUSHRA-ALGHAMDI" duration="00:00:00.3979805" startTime="2026-07-23T19:44:12.7238301+03:00" endTime="2026-07-23T19:44:12.7238303+03:00" testType="13cdc9d9-ddb5-4fa4-a97d-d965ccfc6d4b" outcome="Passed" testListId="8c84fa94-04c1-424b-9868-57a2d4851a1d" relativeResultsDirectory="751f41a2-ac02-4351-9bd2-8a0642ff80bc" />
    <UnitTestResult executionId="7053ec5e-c5a1-4812-8c21-4f6ac00d7787" testId="4a44783f-4102-ae70-f4d1-97c36596bc16" testName="InnovationToImpact.Infrastructure.Tests.AuditLogReportGeneratorTests.GeneratesWorkbookWithOneRowPerAuditLogEntry" computerName="BUSHRA-ALGHAMDI" duration="00:00:00.3573243" startTime="2026-07-23T19:44:14.1870001+03:00" endTime="2026-07-23T19:44:14.1870002+03:00" testType="13cdc9d9-ddb5-4fa4-a97d-d965ccfc6d4b" outcome="Passed" testListId="8c84fa94-04c1-424b-9868-57a2d4851a1d" relativeResultsDirectory="7053ec5e-c5a1-4812-8c21-4f6ac00d7787" />
    <UnitTestResult executionId="28cf39af-aa8e-453f-bff0-97a2a92f524a" testId="2dda34dd-2bd8-7945-f055-dd5c40b35ee1" testName="InnovationToImpact.Infrastructure.Tests.SlaClockServiceTests.OpenAsync_AlreadyOpenForEntity_DoesNotDuplicate" computerName="BUSHRA-ALGHAMDI" duration="00:00:00.3924614" startTime="2026-07-23T19:43:59.3825266+03:00" endTime="2026-07-23T19:43:59.3825271+03:00" testType="13cdc9d9-ddb5-4fa4-a97d-d965ccfc6d4b" outcome="Passed" testListId="8c84fa94-04c1-424b-9868-57a2d4851a1d" relativeResultsDirectory="28cf39af-aa8e-453f-bff0-97a2a92f524a" />
    <UnitTestResult executionId="2d7c50a4-8d53-4cba-b414-6acde11010d2" testId="531f8623-f04b-3c93-4b0d-2da124d8737a" testName="InnovationToImpact.Infrastructure.Tests.IdeaConfigurationTests.RejectsDuplicateIdeaCode" computerName="BUSHRA-ALGHAMDI" duration="00:00:00.0041146" startTime="2026-07-23T19:44:07.3023985+03:00" endTime="2026-07-23T19:44:07.3023986+03:00" testType="13cdc9d9-ddb5-4fa4-a97d-d965ccfc6d4b" outcome="Passed" testListId="8c84fa94-04c1-424b-9868-57a2d4851a1d" relativeResultsDirectory="2d7c50a4-8d53-4cba-b414-6acde11010d2" />
    <UnitTestResult executionId="f2ba0a93-2837-4ead-88e8-c44177f1bddf" testId="42e2076b-6749-f771-d8f2-2e698434db94" testName="InnovationToImpact.Infrastructure.Tests.IdeaServiceTests.UpdateAsync_WrongOwner_ReturnsForbidden" computerName="BUSHRA-ALGHAMDI" duration="00:00:00.1358981" startTime="2026-07-23T19:44:10.7041374+03:00" endTime="2026-07-23T19:44:10.7041376+03:00" testType="13cdc9d9-ddb5-4fa4-a97d-d965ccfc6d4b" outcome="Passed" testListId="8c84fa94-04c1-424b-9868-57a2d4851a1d" relativeResultsDirectory="f2ba0a93-2837-4ead-88e8-c44177f1bddf" />
    <UnitTestResult executionId="89793524-216f-4e4f-88af-5e14e4fc5c9a" testId="7897400a-cf9c-f0cb-e243-1280de8096ef" testName="InnovationToImpact.Infrastructure.Tests.ApprovalChainConfigurationTests.RejectsDuplicateApprovalChainCode" computerName="BUSHRA-ALGHAMDI" duration="00:00:00.0035406" startTime="2026-07-23T19:44:24.4192624+03:00" endTime="2026-07-23T19:44:24.4192625+03:00" testType="13cdc9d9-ddb5-4fa4-a97d-d965ccfc6d4b" outcome="Passed" testListId="8c84fa94-04c1-424b-9868-57a2d4851a1d" relativeResultsDirectory="89793524-216f-4e4f-88af-5e14e4fc5c9a" />
    <UnitTestResult executionId="2f906b42-a31f-4684-8e47-e9d5dd2c9d88" testId="03e2e0c2-aaef-392f-2848-636c93b39136" testName="InnovationToImpact.Infrastructure.Tests.ChallengeConfigurationTests.SaveChanges_PersistsChallengeLinkedToStrategicTheme" computerName="BUSHRA-ALGHAMDI" duration="00:00:00.2264064" startTime="2026-07-23T19:44:20.6628500+03:00" endTime="2026-07-23T19:44:20.6628501+03:00" testType="13cdc9d9-ddb5-4fa4-a97d-d965ccfc6d4b" outcome="Passed" testListId="8c84fa94-04c1-424b-9868-57a2d4851a1d" relativeResultsDirectory="2f906b42-a31f-4684-8e47-e9d5dd2c9d88" />
    <UnitTestResult executionId="1e911cdb-1ebd-4b86-bea7-46fe322dc2d2" testId="415822f5-da4c-a644-7ebb-ec1a30fa08bb" testName="InnovationToImpact.Infrastructure.Tests.EvaluationServiceTests.GetQueueAsync_ReturnsOnlyIdeasInAssignedTracksAndEvaluationStatus" computerName="BUSHRA-ALGHAMDI" duration="00:00:00.6032318" startTime="2026-07-23T19:44:11.3807727+03:00" endTime="2026-07-23T19:44:11.3807727+03:00" testType="13cdc9d9-ddb5-4fa4-a97d-d965ccfc6d4b" outcome="Passed" testListId="8c84fa94-04c1-424b-9868-57a2d4851a1d" relativeResultsDirectory="1e911cdb-1ebd-4b86-bea7-46fe322dc2d2" />
    <UnitTestResult executionId="818f57a6-51a6-49c9-855f-85f0169ea696" testId="854fb1f2-a837-6e8f-41b5-220646abdb77" testName="InnovationToImpact.Infrastructure.Tests.ScreeningServiceTests.SubmitDecisionAsync_IdeaNotSubmitted_ReturnsInvalidState" computerName="BUSHRA-ALGHAMDI" duration="00:00:00.2792871" startTime="2026-07-23T19:44:03.5978675+03:00" endTime="2026-07-23T19:44:03.5978676+03:00" testType="13cdc9d9-ddb5-4fa4-a97d-d965ccfc6d4b" outcome="Passed" testListId="8c84fa94-04c1-424b-9868-57a2d4851a1d" relativeResultsDirectory="818f57a6-51a6-49c9-855f-85f0169ea696" />
[...]
[xUnit.net 00:00:38.77]            at Microsoft.EntityFrameworkCore.Storage.RelationalConnection.OpenInternal(Boolean errorsExpected)&#xD;
[xUnit.net 00:00:38.77]            at Microsoft.EntityFrameworkCore.Storage.RelationalConnection.Open(Boolean errorsExpected)&#xD;
[xUnit.net 00:00:38.77]            at Microsoft.EntityFrameworkCore.SqlServer.Storage.Internal.SqlServerDatabaseCreator.&lt;&gt;c__DisplayClass18_0.&lt;Exists&gt;b__0(DateTime giveUp)&#xD;
[xUnit.net 00:00:38.77]            at Microsoft.EntityFrameworkCore.ExecutionStrategyExtensions.&lt;&gt;c__DisplayClass12_0`2.&lt;Execute&gt;b__0(DbContext _, TState s)&#xD;
[xUnit.net 00:00:38.77]            at Microsoft.EntityFrameworkCore.SqlServer.Storage.Internal.SqlServerExecutionStrategy.Execute[TState,TResult](TState state, Func`3 operation, Func`3 verifySucceeded)&#xD;
[xUnit.net 00:00:38.77]            at Microsoft.EntityFrameworkCore.ExecutionStrategyExtensions.Execute[TState,TResult](IExecutionStrategy strategy, TState state, Func`2 operation, Func`2 verifySucceeded)&#xD;
[xUnit.net 00:00:38.77]            at Microsoft.EntityFrameworkCore.SqlServer.Storage.Internal.SqlServerDatabaseCreator.Exists(Boolean retryOnNotExists)&#xD;
[xUnit.net 00:00:38.77]            at Microsoft.EntityFrameworkCore.SqlServer.Storage.Internal.SqlServerDatabaseCreator.Exists()&#xD;
[xUnit.net 00:00:38.77]            at Microsoft.EntityFrameworkCore.Migrations.HistoryRepository.Exists()&#xD;
[xUnit.net 00:00:38.77]            at Microsoft.EntityFrameworkCore.Migrations.Internal.Migrator.Migrate(String targetMigration)&#xD;
[xUnit.net 00:00:38.77]            at Microsoft.EntityFrameworkCore.RelationalDatabaseFacadeExtensions.Migrate(DatabaseFacade databaseFacade)&#xD;
[xUnit.net 00:00:38.77]         C:\Users\Raid\Desktop\i2i\Version2\Innovation\Innovation\backend\tests\InnovationToImpact.Infrastructure.Tests\ApprovalsMigrationTests.cs(21,0): at InnovationToImpact.Infrastructure.Tests.ApprovalsMigrationTests.MigratedDatabaseContainsApprovalsSeedData()&#xD;
[xUnit.net 00:00:38.77]            at System.RuntimeMethodHandle.InvokeMethod(Object target, Void** arguments, Signature sig, Boolean isConstructor)&#xD;
[xUnit.net 00:00:38.77]            at System.Reflection.MethodBaseInvoker.InvokeWithNoArgs(Object obj, BindingFlags invokeAttr)&#xD;
[xUnit.net 00:00:38.77]         ----- Inner Stack Trace -----&#xD;
[xUnit.net 00:00:38.77]         &#xD;
[xUnit.net 00:00:38.77]       Microsoft.Data.SqlClient.SqlException : A network-related or instance-specific error occurred while establishing a connection to SQL Server. The server was not found or was not accessible. Verify that the instance name is correct and that SQL Server is configured to allow remote connections. (provider: SQL Network Interfaces, error: 52 - Unable to locate a Local Database Runtime installation. Verify that SQL Server Express is properly installed and that the Local Database Runtime feature is enabled.)&#xD;
[xUnit.net 00:00:38.77]       ---- System.ComponentModel.Win32Exception : The system cannot find the file specified.&#xD;
[xUnit.net 00:00:38.77]       Stack Trace:&#xD;
[xUnit.net 00:00:38.77]            at Microsoft.Data.SqlClient.SqlInternalConnection.OnError(SqlException exception, Boolean breakConnection, Action`1 wrapCloseInAction)&#xD;
[xUnit.net 00:00:38.77]            at Microsoft.Data.SqlClient.TdsParser.ThrowExceptionAndWarning(TdsParserStateObject stateObj, SqlCommand command, Boolean callerHasConnectionLock, Boolean asyncClose)&#xD;
[xUnit.net 00:00:38.77]            at Microsoft.Data.SqlClient.TdsParser.Connect(ServerInfo serverInfo, SqlInternalConnectionTds connHandler, TimeoutTimer timeout, SqlConnectionString connectionOptions, Boolean withFailover)&#xD;
[xUnit.net 00:00:38.77]            at Microsoft.Data.SqlClient.SqlInternalConnectionTds.AttemptOneLogin(ServerInfo serverInfo, String newPassword, SecureString newSecurePassword, TimeoutTimer timeout, Boolean withFailover)&#xD;
[xUnit.net 00:00:38.77]            at Microsoft.Data.SqlClient.SqlInternalConnectionTds.LoginNoFailover(ServerInfo serverInfo, String newPassword, SecureString newSecurePassword, Boolean redirectedUserInstance, SqlConnectionString connectionOptions, SqlCredential credential, TimeoutTimer timeout)&#xD;
[xUnit.net 00:00:38.77]            at Microsoft.Data.SqlClient.SqlInternalConnectionTds.OpenLoginEnlist(TimeoutTimer timeout, SqlConnectionString connectionOptions, SqlCredential credential, String newPassword, SecureString newSecurePassword, Boolean redirectedUserInstance)&#xD;
[xUnit.net 00:00:38.77]            at Microsoft.Data.SqlClient.SqlInternalConnectionTds..ctor(DbConnectionPoolIdentity identity, SqlConnectionString connectionOptions, SqlCredential credential, Object providerInfo, String newPassword, SecureString newSecurePassword, Boolean redirectedUserInstance, SqlConnectionString userConnectionOptions, SessionData reconnectSessionData, Boolean applyTransientFaultHandling, String accessToken, DbConnectionPool pool, Func`3 accessTokenCallback)&#xD;
[xUnit.net 00:00:38.77]            at Microsoft.Data.SqlClient.SqlConnectionFactory.CreateConnection(DbConnectionOptions options, DbConnectionPoolKey poolKey, Object poolGroupProviderInfo, DbConnectionPool pool, DbConnection owningConnection, DbConnectionOptions userOptions)&#xD;
[xUnit.net 00:00:38.77]            at Microsoft.Data.ProviderBase.DbConnectionFactory.CreatePooledConnection(DbConnectionPool pool, DbConnection owningObject, DbConnectionOptions options, DbConnectionPoolKey poolKey, DbConnectionOptions userOptions)&#xD;
[xUnit.net 00:00:38.77]            at Microsoft.Data.ProviderBase.DbConnectionPool.CreateObject(DbConnection owningObject, DbConnectionOptions userOptions, DbConnectionInternal oldConnection)&#xD;
[xUnit.net 00:00:38.77]            at Microsoft.Data.ProviderBase.DbConnectionPool.UserCreateRequest(DbConnection owningObject, DbConnectionOptions userOptions, DbConnectionInternal oldConnection)&#xD;
[xUnit.net 00:00:38.77]            at Microsoft.Data.ProviderBase.DbConnectionPool.TryGetConnection(DbConnection owningObject, UInt32 waitForMultipleObjectsTimeout, Boolean allowCreate, Boolean onlyOneCheckConnection, DbConnectionOptions userOptions, DbConnectionInternal&amp; connection)&#xD;
[xUnit.net 00:00:38.77]            at Microsoft.Data.ProviderBase.DbConnectionPool.TryGetConnection(DbConnection owningObject, TaskCompletionSource`1 retry, DbConnectionOptions userOptions, DbConnectionInternal&amp; connection)&#xD;
[xUnit.net 00:00:38.77]            at Microsoft.Data.ProviderBase.DbConnectionFactory.TryGetConnection(DbConnection owningConnection, TaskCompletionSource`1 retry, DbConnectionOptions userOptions, DbConnectionInternal oldConnection, DbConnectionInternal&amp; connection)&#xD;
[xUnit.net 00:00:38.77]            at Microsoft.Data.ProviderBase.DbConnectionInternal.TryOpenConnectionInternal(DbConnection outerConnection, DbConnectionFactory connectionFactory, TaskCompletionSource`1 retry, DbConnectionOptions userOptions)&#xD;
[xUnit.net 00:00:38.77]            at Microsoft.Data.ProviderBase.DbConnectionClosed.TryOpenConnection(DbConnection outerConnection, DbConnectionFactory connectionFactory, TaskCompletionSource`1 retry, DbConnectionOptions userOptions)&#xD;
[xUnit.net 00:00:38.77]            at Microsoft.Data.SqlClient.SqlConnection.TryOpen(TaskCompletionSource`1 retry, SqlConnectionOverrides overrides)&#xD;
[xUnit.net 00:00:38.77]            at Microsoft.Data.SqlClient.SqlConnection.Open(SqlConnectionOverrides overrides)&#xD;
[xUnit.net 00:00:38.77]            at Microsoft.EntityFrameworkCore.SqlServer.Storage.Internal.SqlServerConnection.OpenDbConnection(Boolean errorsExpected)&#xD;
[xUnit.net 00:00:38.77]            at Microsoft.EntityFrameworkCore.Storage.RelationalConnection.OpenInternal(Boolean errorsExpected)&#xD;
[xUnit.net 00:00:38.77]            at Microsoft.EntityFrameworkCore.Storage.RelationalConnection.Open(Boolean errorsExpected)&#xD;
[xUnit.net 00:00:38.77]            at Microsoft.EntityFrameworkCore.SqlServer.Storage.Internal.SqlServerDatabaseCreator.&lt;&gt;c__DisplayClass18_0.&lt;Exists&gt;b__0(DateTime giveUp)&#xD;
[xUnit.net 00:00:38.77]            at Microsoft.EntityFrameworkCore.ExecutionStrategyExtensions.&lt;&gt;c__DisplayClass12_0`2.&lt;Execute&gt;b__0(DbContext _, TState s)&#xD;
[xUnit.net 00:00:38.77]            at Microsoft.EntityFrameworkCore.SqlServer.Storage.Internal.SqlServerExecutionStrategy.Execute[TState,TResult](TState state, Func`3 operation, Func`3 verifySucceeded)&#xD;
[xUnit.net 00:00:38.77]            at Microsoft.EntityFrameworkCore.ExecutionStrategyExtensions.Execute[TState,TResult](IExecutionStrategy strategy, TState state, Func`2 operation, Func`2 verifySucceeded)&#xD;
[xUnit.net 00:00:38.77]            at Microsoft.EntityFrameworkCore.SqlServer.Storage.Internal.SqlServerDatabaseCreator.Exists(Boolean retryOnNotExists)&#xD;
[xUnit.net 00:00:38.77]            at Microsoft.EntityFrameworkCore.SqlServer.Storage.Internal.SqlServerDatabaseCreator.Exists()&#xD;
[xUnit.net 00:00:38.77]            at Microsoft.EntityFrameworkCore.Migrations.HistoryRepository.Exists()&#xD;
[xUnit.net 00:00:38.77]            at Microsoft.EntityFrameworkCore.Migrations.Internal.Migrator.Migrate(String targetMigration)&#xD;
[xUnit.net 00:00:38.77]            at Microsoft.EntityFrameworkCore.RelationalDatabaseFacadeExtensions.Migrate(DatabaseFacade databaseFacade)&#xD;
[xUnit.net 00:00:38.77]         C:\Users\Raid\Desktop\i2i\Version2\Innovation\Innovation\backend\tests\InnovationToImpact.Infrastructure.Tests\StrategicThemeSeedMigrationTests.cs(21,0): at InnovationToImpact.Infrastructure.Tests.StrategicThemeSeedMigrationTests.MigratedDatabaseContainsSeededThemesAndSystemUser()&#xD;
[xUnit.net 00:00:38.77]            at System.RuntimeMethodHandle.InvokeMethod(Object target, Void** arguments, Signature sig, Boolean isConstructor)&#xD;
[xUnit.net 00:00:38.77]            at System.Reflection.MethodBaseInvoker.InvokeWithNoArgs(Object obj, BindingFlags invokeAttr)&#xD;
[xUnit.net 00:00:38.77]         ----- Inner Stack Trace -----&#xD;
[xUnit.net 00:00:38.77]         &#xD;
[xUnit.net 00:00:38.77]       Microsoft.Data.SqlClient.SqlException : A network-related or instance-specific error occurred while establishing a connection to SQL Server. The server was not found or was not accessible. Verify that the instance name is correct and that SQL Server is configured to allow remote connections. (provider: SQL Network Interfaces, error: 52 - Unable to locate a Local Database Runtime installation. Verify that SQL Server Express is properly installed and that the Local Database Runtime feature is enabled.)&#xD;
[xUnit.net 00:00:38.77]       ---- System.ComponentModel.Win32Exception : The system cannot find the file specified.&#xD;
[xUnit.net 00:00:38.77]       Stack Trace:&#xD;
[xUnit.net 00:00:38.77]            at Microsoft.Data.ProviderBase.DbConnectionPool.TryGetConnection(DbConnection owningObject, UInt32 waitForMultipleObjectsTimeout, Boolean allowCreate, Boolean onlyOneCheckConnection, DbConnectionOptions userOptions, DbConnectionInternal&amp; connection)&#xD;
[xUnit.net 00:00:38.77]            at Microsoft.Data.ProviderBase.DbConnectionPool.TryGetConnection(DbConnection owningObject, TaskCompletionSource`1 retry, DbConnectionOptions userOptions, DbConnectionInternal&amp; connection)&#xD;
[xUnit.net 00:00:38.77]            at Microsoft.Data.ProviderBase.DbConnectionFactory.TryGetConnection(DbConnection owningConnection, TaskCompletionSource`1 retry, DbConnectionOptions userOptions, DbConnectionInternal oldConnection, DbConnectionInternal&amp; connection)&#xD;
[xUnit.net 00:00:38.77]            at Microsoft.Data.ProviderBase.DbConnectionInternal.TryOpenConnectionInternal(DbConnection outerConnection, DbConnectionFactory connectionFactory, TaskCompletionSource`1 retry, DbConnectionOptions userOptions)&#xD;
[xUnit.net 00:00:38.77]            at Microsoft.Data.ProviderBase.DbConnectionClosed.TryOpenConnection(DbConnection outerConnection, DbConnectionFactory connectionFactory, TaskCompletionSource`1 retry, DbConnectionOptions userOptions)&#xD;
[xUnit.net 00:00:38.77]            at Microsoft.Data.SqlClient.SqlConnection.TryOpen(TaskCompletionSource`1 retry, SqlConnectionOverrides overrides)&#xD;
[xUnit.net 00:00:38.77]            at Microsoft.Data.SqlClient.SqlConnection.Open(SqlConnectionOverrides overrides)&#xD;
[xUnit.net 00:00:38.77]            at Microsoft.EntityFrameworkCore.SqlServer.Storage.Internal.SqlServerConnection.OpenDbConnection(Boolean errorsExpected)&#xD;
[xUnit.net 00:00:38.77]            at Microsoft.EntityFrameworkCore.Storage.RelationalConnection.OpenInternal(Boolean errorsExpected)&#xD;
[xUnit.net 00:00:38.77]            at Microsoft.EntityFrameworkCore.Storage.RelationalConnection.Open(Boolean errorsExpected)&#xD;
[xUnit.net 00:00:38.77]            at Microsoft.EntityFrameworkCore.SqlServer.Storage.Internal.SqlServerDatabaseCreator.&lt;&gt;c__DisplayClass18_0.&lt;Exists&gt;b__0(DateTime giveUp)&#xD;
[xUnit.net 00:00:38.77]            at Microsoft.EntityFrameworkCore.ExecutionStrategyExtensions.&lt;&gt;c__DisplayClass12_0`2.&lt;Execute&gt;b__0(DbContext _, TState s)&#xD;
[xUnit.net 00:00:38.77]            at Microsoft.EntityFrameworkCore.SqlServer.Storage.Internal.SqlServerExecutionStrategy.Execute[TState,TResult](TState state, Func`3 operation, Func`3 verifySucceeded)&#xD;
[xUnit.net 00:00:38.77]            at Microsoft.EntityFrameworkCore.ExecutionStrategyExtensions.Execute[TState,TResult](IExecutionStrategy strategy, TState state, Func`2 operation, Func`2 verifySucceeded)&#xD;
[xUnit.net 00:00:38.77]            at Microsoft.EntityFrameworkCore.SqlServer.Storage.Internal.SqlServerDatabaseCreator.Exists(Boolean retryOnNotExists)&#xD;
[xUnit.net 00:00:38.77]            at Microsoft.EntityFrameworkCore.SqlServer.Storage.Internal.SqlServerDatabaseCreator.Exists()&#xD;
[xUnit.net 00:00:38.77]            at Microsoft.EntityFrameworkCore.Migrations.HistoryRepository.Exists()&#xD;
[xUnit.net 00:00:38.77]            at Microsoft.EntityFrameworkCore.Migrations.Internal.Migrator.Migrate(String targetMigration)&#xD;
[xUnit.net 00:00:38.77]            at Microsoft.EntityFrameworkCore.RelationalDatabaseFacadeExtensions.Migrate(DatabaseFacade databaseFacade)&#xD;
[xUnit.net 00:00:38.77]         C:\Users\Raid\Desktop\i2i\Version2\Innovation\Innovation\backend\tests\InnovationToImpact.Infrastructure.Tests\EvaluationCommitteeMigrationTests.cs(21,0): at InnovationToImpact.Infrastructure.Tests.EvaluationCommitteeMigrationTests.MigratedDatabaseContainsEvaluationCommitteeSeedData()&#xD;
[xUnit.net 00:00:38.77]            at System.RuntimeMethodHandle.InvokeMethod(Object target, Void** arguments, Signature sig, Boolean isConstructor)&#xD;
[xUnit.net 00:00:38.77]            at System.Reflection.MethodBaseInvoker.InvokeWithNoArgs(Object obj, BindingFlags invokeAttr)&#xD;
[xUnit.net 00:00:38.77]         ----- Inner Stack Trace -----&#xD;
[xUnit.net 00:00:38.77]         &#xD;
[xUnit.net 00:00:38.78]   Finished:    InnovationToImpact.Infrastructure.Tests&#xD;
</StdOut>
    </Output>
    <RunInfos>
      <RunInfo computerName="BUSHRA-ALGHAMDI" outcome="Error" timestamp="2026-07-23T19:44:10.7862495+03:00">
        <Text>[xUnit.net 00:00:19.03]     InnovationToImpact.Infrastructure.Tests.ComplianceMigrationTests.MigratedDatabaseContainsComplianceSeedData [FAIL]</Text>
      </RunInfo>
      <RunInfo computerName="BUSHRA-ALGHAMDI" outcome="Error" timestamp="2026-07-23T19:44:10.8013957+03:00">
        <Text>[xUnit.net 00:00:19.04]     InnovationToImpact.Infrastructure.Tests.IpKnowledgeMigrationTests.MigratedDatabaseContainsIpKnowledgeSeedData [FAIL]</Text>
      </RunInfo>
      <RunInfo computerName="BUSHRA-ALGHAMDI" outcome="Error" timestamp="2026-07-23T19:44:10.8075945+03:00">
        <Text>[xUnit.net 00:00:19.05]     InnovationToImpact.Infrastructure.Tests.RoleMigrationTests.MigratedDatabaseContainsCanonicalRoleSeed [FAIL]</Text>
      </RunInfo>
      <RunInfo computerName="BUSHRA-ALGHAMDI" outcome="Error" timestamp="2026-07-23T19:44:10.8158307+03:00">
        <Text>[xUnit.net 00:00:19.05]     InnovationToImpact.Infrastructure.Tests.TeamsMigrationTests.MigratedDatabaseContainsTeamsSeedData [FAIL]</Text>
      </RunInfo>
      <RunInfo computerName="BUSHRA-ALGHAMDI" outcome="Error" timestamp="2026-07-23T19:44:10.8286493+03:00">
        <Text>[xUnit.net 00:00:19.07]     InnovationToImpact.Infrastructure.Tests.NotificationsEmailMigrationTests.MigratedDatabaseContainsNotificationsEmailSeedData [FAIL]</Text>
      </RunInfo>
      <RunInfo computerName="BUSHRA-ALGHAMDI" outcome="Error" timestamp="2026-07-23T19:44:10.8287279+03:00">
        <Text>[xUnit.net 00:00:19.07]     InnovationToImpact.Infrastructure.Tests.GamificationCmsMigrationTests.MigratedDatabaseAcceptsABadgeRow [FAIL]</Text>
      </RunInfo>
      <RunInfo computerName="BUSHRA-ALGHAMDI" outcome="Error" timestamp="2026-07-23T19:44:10.8324555+03:00">
        <Text>[xUnit.net 00:00:19.07]     InnovationToImpact.Infrastructure.Tests.ReportTitleMigrationTests.MigratedDatabaseContainsAuditLogExportReportTitle [FAIL]</Text>
      </RunInfo>
      <RunInfo computerName="BUSHRA-ALGHAMDI" outcome="Error" timestamp="2026-07-23T19:44:10.8370033+03:00">
        <Text>[xUnit.net 00:00:19.08]     InnovationToImpact.Infrastructure.Tests.CmsContentReportingMigrationTests.MigratedDatabaseAcceptsAContentStringRow [FAIL]</Text>
      </RunInfo>
      <RunInfo computerName="BUSHRA-ALGHAMDI" outcome="Error" timestamp="2026-07-23T19:44:11.1527552+03:00">
        <Text>[xUnit.net 00:00:19.40]     InnovationToImpact.Infrastructure.Tests.LocalDbMigrationTests.MigratedDatabaseContainsSeededIdeaStatuses [FAIL]</Text>
      </RunInfo>
      <RunInfo computerName="BUSHRA-ALGHAMDI" outcome="Error" timestamp="2026-07-23T19:44:14.8477746+03:00">
        <Text>[xUnit.net 00:00:23.09]     InnovationToImpact.Infrastructure.Tests.PilotsBenefitsFundingMigrationTests.MigratedDatabaseContainsPilotsBenefitsFundingSeedData [FAIL]</Text>
      </RunInfo>
      <RunInfo computerName="BUSHRA-ALGHAMDI" outcome="Error" timestamp="2026-07-23T19:44:14.8688094+03:00">
        <Text>[xUnit.net 00:00:23.11]     InnovationToImpact.Infrastructure.Tests.SlaEscalationsMigrationTests.MigratedDatabaseContainsSlaEscalationsSeedData [FAIL]</Text>
      </RunInfo>
      <RunInfo computerName="BUSHRA-ALGHAMDI" outcome="Error" timestamp="2026-07-23T19:44:30.5109659+03:00">
        <Text>[xUnit.net 00:00:38.75]     InnovationToImpact.Infrastructure.Tests.EvidenceAuditMigrationTests.MigratedDatabaseAcceptsAnAuditLogRow [FAIL]</Text>
      </RunInfo>
      <RunInfo computerName="BUSHRA-ALGHAMDI" outcome="Error" timestamp="2026-07-23T19:44:30.5152370+03:00">
        <Text>[xUnit.net 00:00:38.76]     InnovationToImpact.Infrastructure.Tests.ImplementationScaleDecisionMigrationTests.MigratedDatabaseContainsImplementationScaleDecisionSeedData [FAIL]</Text>
      </RunInfo>
      <RunInfo computerName="BUSHRA-ALGHAMDI" outcome="Error" timestamp="2026-07-23T19:44:30.5221018+03:00">
        <Text>[xUnit.net 00:00:38.76]     InnovationToImpact.Infrastructure.Tests.ApprovalsMigrationTests.MigratedDatabaseContainsApprovalsSeedData [FAIL]</Text>
      </RunInfo>
      <RunInfo computerName="BUSHRA-ALGHAMDI" outcome="Error" timestamp="2026-07-23T19:44:30.5243515+03:00">
        <Text>[xUnit.net 00:00:38.77]     InnovationToImpact.Infrastructure.Tests.StrategicThemeSeedMigrationTests.MigratedDatabaseContainsSeededThemesAndSystemUser [FAIL]</Text>
      </RunInfo>
      <RunInfo computerName="BUSHRA-ALGHAMDI" outcome="Error" timestamp="2026-07-23T19:44:30.5285864+03:00">
        <Text>[xUnit.net 00:00:38.77]     InnovationToImpact.Infrastructure.Tests.EvaluationCommitteeMigrationTests.MigratedDatabaseContainsEvaluationCommitteeSeedData [FAIL]</Text>
      </RunInfo>
    </RunInfos>
  </ResultSummary>
</TestRun>